[+] Containers:
 |- [+] Container: /Game/UILevelTest/??
 |   |- [+] ActorDescs:
 |   |   |- Guid:0550E94B443D34A7B2695084EF73CA8E BaseClass: NativeClass:/Script/Landscape.LandscapeStreamingProxy Name:LandscapeStreamingProxy_D7T4VF4LBP34PHV9XOEVM5TIG_1_7_5_0 Label:LandscapeStreamingProxy_7_5_0 SpatiallyLoaded:1 Bounds:IsValid=true, Min=(X=75600.000 Y=25200.000 Z=5872.656), Max=(X=100800.000 Y=50400.000 Z=13596.094) RuntimeGrid:None EditorOnly:0 RuntimeOnly:0 HLODRelevant:1 ListedInSceneOutliner:1 IsMainWorldOnly:0
 |   |   |- Guid:0D7DFFA243DD16C5B1F9FBB6ECBB6CA1 BaseClass: NativeClass:/Script/Landscape.LandscapeStreamingProxy Name:LandscapeStreamingProxy_D7T4VF4LBP34PHV9XOEVM5TIG_1_7_7_0 Label:LandscapeStreamingProxy_7_7_0 SpatiallyLoaded:1 Bounds:IsValid=true, Min=(X=75600.000 Y=75600.000 Z=8727.344), Max=(X=100800.000 Y=100800.000 Z=12871.094) RuntimeGrid:None EditorOnly:0 RuntimeOnly:0 HLODRelevant:1 ListedInSceneOutliner:1 IsMainWorldOnly:0
 |   |   |- Guid:0DDC8FEF4BE2623E6DE4258EC6ECD3DC BaseClass: NativeClass:/Script/Landscape.LandscapeStreamingProxy Name:LandscapeStreamingProxy_D7T4VF4LBP34PHV9XOEVM5TIG_1_4_7_0 Label:LandscapeStreamingProxy_4_7_0 SpatiallyLoaded:1 Bounds:IsValid=true, Min=(X=0.000 Y=75600.000 Z=2080.469), Max=(X=25200.000 Y=100800.000 Z=6055.469) RuntimeGrid:None EditorOnly:0 RuntimeOnly:0 HLODRelevant:1 ListedInSceneOutliner:1 IsMainWorldOnly:0
 |   |   |- Guid:1132963840A0BF90C8F6FB9C03D28EDC BaseClass: NativeClass:/Script/Landscape.LandscapeStreamingProxy Name:LandscapeStreamingProxy_D7T4VF4LBP34PHV9XOEVM5TIG_1_1_4_0 Label:LandscapeStreamingProxy_1_4_0 SpatiallyLoaded:1 Bounds:IsValid=true, Min=(X=-75600.000 Y=0.000 Z=7.031), Max=(X=-50400.000 Y=25200.000 Z=4389.844) RuntimeGrid:None EditorOnly:0 RuntimeOnly:0 HLODRelevant:1 ListedInSceneOutliner:1 IsMainWorldOnly:0
 |   |   |- Guid:1C18DE7D494342D016B686A01B18F71D BaseClass: NativeClass:/Script/Landscape.LandscapeStreamingProxy Name:LandscapeStreamingProxy_D7T4VF4LBP34PHV9XOEVM5TIG_1_2_3_0 Label:LandscapeStreamingProxy_2_3_0 SpatiallyLoaded:1 Bounds:IsValid=true, Min=(X=-50400.000 Y=-25200.000 Z=0.000), Max=(X=-25200.000 Y=0.000 Z=1038.281) RuntimeGrid:None EditorOnly:0 RuntimeOnly:0 HLODRelevant:1 ListedInSceneOutliner:1 IsMainWorldOnly:0
 |   |   |- Guid:1D3D26F04B6DC10BEFB5B69E5CF914C8 BaseClass: NativeClass:/Script/Engine.VolumetricCloud Name:VolumetricCloud_UAID_A85E45CFE40401D200_1470381760 Label:VolumetricCloud SpatiallyLoaded:0 Bounds:IsValid=true, Min=(X=0.000 Y=0.000 Z=0.000), Max=(X=0.000 Y=0.000 Z=0.000) RuntimeGrid:None EditorOnly:0 RuntimeOnly:0 HLODRelevant:0 ListedInSceneOutliner:1 IsMainWorldOnly:0 FolderPath:Lighting FolderGuid:B7E9BD5B45A652654791988DEF54CCEB
 |   |   |- Guid:1DE8D7AC4103A2EABA11649C7FCF8ACA BaseClass: NativeClass:/Script/Engine.SkyLight Name:SkyLight_UAID_A85E45CFE40401D200_1470380759 Label:SkyLight SpatiallyLoaded:0 Bounds:IsValid=true, Min=(X=0.000 Y=0.000 Z=0.000), Max=(X=0.000 Y=0.000 Z=0.000) RuntimeGrid:None EditorOnly:0 RuntimeOnly:0 HLODRelevant:0 ListedInSceneOutliner:1 IsMainWorldOnly:0 FolderPath:Lighting FolderGuid:B7E9BD5B45A652654791988DEF54CCEB
 |   |   |- Guid:218E3B124735712D7EF272B4FB8E7FF6 BaseClass: NativeClass:/Script/Landscape.Landscape Name:Landscape_UAID_A85E45CFE404FBD100_1221515703 Label:Landscape SpatiallyLoaded:0 Bounds:IsValid=true, Min=(X=-100800.000 Y=-100800.000 Z=100.000), Max=(X=-100800.000 Y=-100800.000 Z=100.000) RuntimeGrid:None EditorOnly:0 RuntimeOnly:0 HLODRelevant:0 ListedInSceneOutliner:1 IsMainWorldOnly:0
 |   |   |- Guid:2347681E4EBE5CEECBE9DBBC1DBA11C1 BaseClass: NativeClass:/Script/Landscape.LandscapeStreamingProxy Name:LandscapeStreamingProxy_D7T4VF4LBP34PHV9XOEVM5TIG_1_1_6_0 Label:LandscapeStreamingProxy_1_6_0 SpatiallyLoaded:1 Bounds:IsValid=true, Min=(X=-75600.000 Y=50400.000 Z=3219.531), Max=(X=-50400.000 Y=75600.000 Z=9172.656) RuntimeGrid:None EditorOnly:0 RuntimeOnly:0 HLODRelevant:1 ListedInSceneOutliner:1 IsMainWorldOnly:0
 |   |   |- Guid:2CE12F874AA39D020A0F4BA5739BD305 BaseClass: NativeClass:/Script/Engine.SkyAtmosphere Name:SkyAtmosphere_UAID_A85E45CFE40401D200_1470382762 Label:SkyAtmosphere SpatiallyLoaded:0 Bounds:IsValid=true, Min=(X=0.000 Y=0.000 Z=0.000), Max=(X=0.000 Y=0.000 Z=0.000) RuntimeGrid:None EditorOnly:0 RuntimeOnly:0 HLODRelevant:0 ListedInSceneOutliner:1 IsMainWorldOnly:0 FolderPath:Lighting FolderGuid:B7E9BD5B45A652654791988DEF54CCEB
 |   |   |- Guid:2D25D44D481345FBF8570EB1B7BD1A3E BaseClass: NativeClass:/Script/Landscape.LandscapeStreamingProxy Name:LandscapeStreamingProxy_D7T4VF4LBP34PHV9XOEVM5TIG_1_0_6_0 Label:LandscapeStreamingProxy_0_6_0 SpatiallyLoaded:1 Bounds:IsValid=true, Min=(X=-100800.000 Y=50400.000 Z=5450.781), Max=(X=-75600.000 Y=75600.000 Z=11130.469) RuntimeGrid:None EditorOnly:0 RuntimeOnly:0 HLODRelevant:1 ListedInSceneOutliner:1 IsMainWorldOnly:0
 |   |   |- Guid:2ECDB0F14C38AB1F3D274DAFA9305640 BaseClass: NativeClass:/Script/Landscape.LandscapeStreamingProxy Name:LandscapeStreamingProxy_D7T4VF4LBP34PHV9XOEVM5TIG_1_0_3_0 Label:LandscapeStreamingProxy_0_3_0 SpatiallyLoaded:1 Bounds:IsValid=true, Min=(X=-100800.000 Y=-25200.000 Z=966.406), Max=(X=-75600.000 Y=0.000 Z=9202.344) RuntimeGrid:None EditorOnly:0 RuntimeOnly:0 HLODRelevant:1 ListedInSceneOutliner:1 IsMainWorldOnly:0
 |   |   |- Guid:3054DB3048C19DC2E335FB9B187E4297 BaseClass: NativeClass:/Script/Water.WaterZone Name:WaterZone_UAID_00D8614F2BD3468E02_2013023768 Label:WaterZone SpatiallyLoaded:0 Bounds:IsValid=true, Min=(X=-100800.000 Y=-100800.000 Z=-100800.000), Max=(X=100800.000 Y=100800.000 Z=100800.000) RuntimeGrid:None EditorOnly:0 RuntimeOnly:0 HLODRelevant:0 ListedInSceneOutliner:1 IsMainWorldOnly:0
 |   |   |- Guid:36F0ECB748300EFAAF23D8A6D11465B7 BaseClass: NativeClass:/Script/Engine.CameraActor Name:CameraActor_UAID_00D8614F2BD37B8C02_2067731983 Label:CameraActor SpatiallyLoaded:1 Bounds:IsValid=true, Min=(X=-396.736 Y=-1867.227 Z=1806.800), Max=(X=-396.736 Y=-1867.227 Z=1806.800) RuntimeGrid:None EditorOnly:0 RuntimeOnly:0 HLODRelevant:0 ListedInSceneOutliner:1 IsMainWorldOnly:0
 |   |   |- Guid:39F0C4EA4AC6F620731F8A985F1BA794 BaseClass: NativeClass:/Script/Landscape.LandscapeStreamingProxy Name:LandscapeStreamingProxy_D7T4VF4LBP34PHV9XOEVM5TIG_1_0_4_0 Label:LandscapeStreamingProxy_0_4_0 SpatiallyLoaded:1 Bounds:IsValid=true, Min=(X=-100800.000 Y=0.000 Z=847.656), Max=(X=-75600.000 Y=25200.000 Z=9271.094) RuntimeGrid:None EditorOnly:0 RuntimeOnly:0 HLODRelevant:1 ListedInSceneOutliner:1 IsMainWorldOnly:0
 |   |   |- Guid:3E25F0A8458FB2B2C4FDCCBEFBB79D7C BaseClass: NativeClass:/Script/Landscape.LandscapeStreamingProxy Name:LandscapeStreamingProxy_D7T4VF4LBP34PHV9XOEVM5TIG_1_7_6_0 Label:LandscapeStreamingProxy_7_6_0 SpatiallyLoaded:1 Bounds:IsValid=true, Min=(X=75600.000 Y=50400.000 Z=9205.469), Max=(X=100800.000 Y=75600.000 Z=14989.844) RuntimeGrid:None EditorOnly:0 RuntimeOnly:0 HLODRelevant:1 ListedInSceneOutliner:1 IsMainWorldOnly:0
 |   |   |- Guid:3F36F6E343853B5EFB38DF82C9F47BC1 BaseClass: NativeClass:/Script/Landscape.LandscapeStreamingProxy Name:LandscapeStreamingProxy_D7T4VF4LBP34PHV9XOEVM5TIG_1_3_6_0 Label:LandscapeStreamingProxy_3_6_0 SpatiallyLoaded:1 Bounds:IsValid=true, Min=(X=-25200.000 Y=50400.000 Z=189.062), Max=(X=0.000 Y=75600.000 Z=5252.344) RuntimeGrid:None EditorOnly:0 RuntimeOnly:0 HLODRelevant:1 ListedInSceneOutliner:1 IsMainWorldOnly:0
 |   |   |- Guid:5368FABB47D6D9580DAECA8B0417BF92 BaseClass: NativeClass:/Script/Engine.WorldDataLayers Name:WorldDataLayers Label:WorldDataLayers-1 SpatiallyLoaded:0 Bounds:Invalid RuntimeGrid:None EditorOnly:0 RuntimeOnly:0 HLODRelevant:0 ListedInSceneOutliner:1 IsMainWorldOnly:1
 |   |   |- Guid:5467074D485A504DB8C24CAD0B80AB77 BaseClass: NativeClass:/Script/Landscape.LandscapeStreamingProxy Name:LandscapeStreamingProxy_D7T4VF4LBP34PHV9XOEVM5TIG_1_1_2_0 Label:LandscapeStreamingProxy_1_2_0 SpatiallyLoaded:1 Bounds:IsValid=true, Min=(X=-75600.000 Y=-50400.000 Z=1038.281), Max=(X=-50400.000 Y=-25200.000 Z=8925.781) RuntimeGrid:None EditorOnly:0 RuntimeOnly:0 HLODRelevant:1 ListedInSceneOutliner:1 IsMainWorldOnly:0
 |   |   |- Guid:565205A14B72B1C79932C09B8AA708FB BaseClass: NativeClass:/Script/Landscape.LandscapeStreamingProxy Name:LandscapeStreamingProxy_D7T4VF4LBP34PHV9XOEVM5TIG_1_2_7_0 Label:LandscapeStreamingProxy_2_7_0 SpatiallyLoaded:1 Bounds:IsValid=true, Min=(X=-50400.000 Y=75600.000 Z=5080.469), Max=(X=-25200.000 Y=100800.000 Z=13166.406) RuntimeGrid:None EditorOnly:0 RuntimeOnly:0 HLODRelevant:1 ListedInSceneOutliner:1 IsMainWorldOnly:0
 |   |   |- Guid:58D8EC2E442386436F41E1AAF0CBD763 BaseClass: NativeClass:/Script/Engine.StaticMeshActor Name:StaticMeshActor_UAID_00D8614F2BD37B8C02_2083112984 Label:Cube SpatiallyLoaded:1 Bounds:IsValid=true, Min=(X=2366.195 Y=-2296.617 Z=1459.130), Max=(X=2396.195 Y=-2266.617 Z=1489.130) RuntimeGrid:None EditorOnly:0 RuntimeOnly:0 HLODRelevant:1 ListedInSceneOutliner:1 IsMainWorldOnly:0
 |   |   |- Guid:59C0CF754809E4A615B6B893483C5902 BaseClass: NativeClass:/Script/Landscape.LandscapeStreamingProxy Name:LandscapeStreamingProxy_D7T4VF4LBP34PHV9XOEVM5TIG_1_0_1_0 Label:LandscapeStreamingProxy_0_1_0 SpatiallyLoaded:1 Bounds:IsValid=true, Min=(X=-100800.000 Y=-75600.000 Z=5449.219), Max=(X=-75600.000 Y=-50400.000 Z=8761.719) RuntimeGrid:None EditorOnly:0 RuntimeOnly:0 HLODRelevant:1 ListedInSceneOutliner:1 IsMainWorldOnly:0
 |   |   |- Guid:64972DB740F13CE5190779A0B9CBA4EA BaseClass: NativeClass:/Script/Landscape.LandscapeStreamingProxy Name:LandscapeStreamingProxy_D7T4VF4LBP34PHV9XOEVM5TIG_1_1_5_0 Label:LandscapeStreamingProxy_1_5_0 SpatiallyLoaded:1 Bounds:IsValid=true, Min=(X=-75600.000 Y=25200.000 Z=131.250), Max=(X=-50400.000 Y=50400.000 Z=8019.531) RuntimeGrid:None EditorOnly:0 RuntimeOnly:0 HLODRelevant:1 ListedInSceneOutliner:1 IsMainWorldOnly:0
 |   |   |- Guid:694BAFC142AC7322A0E74693B4FFEA10 BaseClass: NativeClass:/Script/Engine.StaticMeshActor Name:StaticMeshActor_UAID_00D8614F2BD34A8E02_1488408471 Label:StaticMeshActor SpatiallyLoaded:1 Bounds:IsValid=true, Min=(X=-77890.000 Y=-69130.000 Z=7940.000), Max=(X=-77890.000 Y=-69130.000 Z=7940.000) RuntimeGrid:None EditorOnly:0 RuntimeOnly:0 HLODRelevant:0 ListedInSceneOutliner:1 IsMainWorldOnly:0
 |   |   |- Guid:6F77DF4E483D4B5A103A83BF8FB30F3A BaseClass: NativeClass:/Script/Landscape.LandscapeStreamingProxy Name:LandscapeStreamingProxy_D7T4VF4LBP34PHV9XOEVM5TIG_1_6_7_0 Label:LandscapeStreamingProxy_6_7_0 SpatiallyLoaded:1 Bounds:IsValid=true, Min=(X=50400.000 Y=75600.000 Z=7785.156), Max=(X=75600.000 Y=100800.000 Z=11791.406) RuntimeGrid:None EditorOnly:0 RuntimeOnly:0 HLODRelevant:1 ListedInSceneOutliner:1 IsMainWorldOnly:0
 |   |   |- Guid:707D0D104A1A6DBFBBD050AD016E1BA7 BaseClass: NativeClass:/Script/Landscape.LandscapeStreamingProxy Name:LandscapeStreamingProxy_D7T4VF4LBP34PHV9XOEVM5TIG_1_4_4_0 Label:LandscapeStreamingProxy_4_4_0 SpatiallyLoaded:1 Bounds:IsValid=true, Min=(X=0.000 Y=0.000 Z=-100.000), Max=(X=25200.000 Y=25200.000 Z=738.281) RuntimeGrid:None EditorOnly:0 RuntimeOnly:0 HLODRelevant:1 ListedInSceneOutliner:1 IsMainWorldOnly:0
 |   |   |- Guid:7DCB8EFE498FFD99EE494192AD474A2A BaseClass: NativeClass:/Script/Landscape.LandscapeStreamingProxy Name:LandscapeStreamingProxy_D7T4VF4LBP34PHV9XOEVM5TIG_1_2_4_0 Label:LandscapeStreamingProxy_2_4_0 SpatiallyLoaded:1 Bounds:IsValid=true, Min=(X=-50400.000 Y=0.000 Z=0.000), Max=(X=-25200.000 Y=25200.000 Z=164.844) RuntimeGrid:None EditorOnly:0 RuntimeOnly:0 HLODRelevant:1 ListedInSceneOutliner:1 IsMainWorldOnly:0
 |   |   |- Guid:7E8DF15942F955BCCAB7DB92DF810682 BaseClass: NativeClass:/Script/Landscape.LandscapeStreamingProxy Name:LandscapeStreamingProxy_D7T4VF4LBP34PHV9XOEVM5TIG_1_6_5_0 Label:LandscapeStreamingProxy_6_5_0 SpatiallyLoaded:1 Bounds:IsValid=true, Min=(X=50400.000 Y=25200.000 Z=2264.062), Max=(X=75600.000 Y=50400.000 Z=9232.031) RuntimeGrid:None EditorOnly:0 RuntimeOnly:0 HLODRelevant:1 ListedInSceneOutliner:1 IsMainWorldOnly:0
 |   |   |- Guid:82111EBA4245874D247823848B4F1385 BaseClass: NativeClass:/Script/Landscape.LandscapeStreamingProxy Name:LandscapeStreamingProxy_D7T4VF4LBP34PHV9XOEVM5TIG_1_4_3_0 Label:LandscapeStreamingProxy_4_3_0 SpatiallyLoaded:1 Bounds:IsValid=true, Min=(X=0.000 Y=-25200.000 Z=-123.438), Max=(X=25200.000 Y=0.000 Z=1463.281) RuntimeGrid:None EditorOnly:0 RuntimeOnly:0 HLODRelevant:1 ListedInSceneOutliner:1 IsMainWorldOnly:0
 |   |   |- Guid:83CD9E0B4741741D139767A8EC49B809 BaseClass: NativeClass:/Script/Landscape.LandscapeStreamingProxy Name:LandscapeStreamingProxy_D7T4VF4LBP34PHV9XOEVM5TIG_1_0_2_0 Label:LandscapeStreamingProxy_0_2_0 SpatiallyLoaded:1 Bounds:IsValid=true, Min=(X=-100800.000 Y=-50400.000 Z=5807.031), Max=(X=-75600.000 Y=-25200.000 Z=9500.781) RuntimeGrid:None EditorOnly:0 RuntimeOnly:0 HLODRelevant:1 ListedInSceneOutliner:1 IsMainWorldOnly:0
 |   |   |- Guid:8E5BA17B4086F5FC0291D1A92F7F73F4 BaseClass: NativeClass:/Script/Landscape.LandscapeStreamingProxy Name:LandscapeStreamingProxy_D7T4VF4LBP34PHV9XOEVM5TIG_1_5_7_0 Label:LandscapeStreamingProxy_5_7_0 SpatiallyLoaded:1 Bounds:IsValid=true, Min=(X=25200.000 Y=75600.000 Z=2653.906), Max=(X=50400.000 Y=100800.000 Z=9796.094) RuntimeGrid:None EditorOnly:0 RuntimeOnly:0 HLODRelevant:1 ListedInSceneOutliner:1 IsMainWorldOnly:0
 |   |   |- Guid:988456E1464ED6902163CB8467235B9D BaseClass: NativeClass:/Script/Landscape.LandscapeStreamingProxy Name:LandscapeStreamingProxy_D7T4VF4LBP34PHV9XOEVM5TIG_1_0_7_0 Label:LandscapeStreamingProxy_0_7_0 SpatiallyLoaded:1 Bounds:IsValid=true, Min=(X=-100800.000 Y=75600.000 Z=8263.281), Max=(X=-75600.000 Y=100800.000 Z=13605.469) RuntimeGrid:None EditorOnly:0 RuntimeOnly:0 HLODRelevant:1 ListedInSceneOutliner:1 IsMainWorldOnly:0
 |   |   |- Guid:9AA48BD04CB873661E75B0973B2BF04A BaseClass: NativeClass:/Script/Landscape.LandscapeStreamingProxy Name:LandscapeStreamingProxy_D7T4VF4LBP34PHV9XOEVM5TIG_1_3_5_0 Label:LandscapeStreamingProxy_3_5_0 SpatiallyLoaded:1 Bounds:IsValid=true, Min=(X=-25200.000 Y=25200.000 Z=-0.781), Max=(X=0.000 Y=50400.000 Z=1284.375) RuntimeGrid:None EditorOnly:0 RuntimeOnly:0 HLODRelevant:1 ListedInSceneOutliner:1 IsMainWorldOnly:0
 |   |   |- Guid:9CBBDFD8486812AAE8770CB093DB7460 BaseClass: NativeClass:/Script/Landscape.LandscapeStreamingProxy Name:LandscapeStreamingProxy_D7T4VF4LBP34PHV9XOEVM5TIG_1_3_4_0 Label:LandscapeStreamingProxy_3_4_0 SpatiallyLoaded:1 Bounds:IsValid=true, Min=(X=-25200.000 Y=0.000 Z=-100.000), Max=(X=0.000 Y=25200.000 Z=443.750) RuntimeGrid:None EditorOnly:0 RuntimeOnly:0 HLODRelevant:1 ListedInSceneOutliner:1 IsMainWorldOnly:0
 |   |   |- Guid:A35DA04D499AEDD6011C6B8293B4BE2B BaseClass: NativeClass:/Script/Landscape.LandscapeStreamingProxy Name:LandscapeStreamingProxy_D7T4VF4LBP34PHV9XOEVM5TIG_1_1_7_0 Label:LandscapeStreamingProxy_1_7_0 SpatiallyLoaded:1 Bounds:IsValid=true, Min=(X=-75600.000 Y=75600.000 Z=6619.531), Max=(X=-50400.000 Y=100800.000 Z=13197.656) RuntimeGrid:None EditorOnly:0 RuntimeOnly:0 HLODRelevant:1 ListedInSceneOutliner:1 IsMainWorldOnly:0
 |   |   |- Guid:A6E4B2F64282645AA7756082104E8B9D BaseClass: NativeClass:/Script/Landscape.LandscapeStreamingProxy Name:LandscapeStreamingProxy_D7T4VF4LBP34PHV9XOEVM5TIG_1_3_7_0 Label:LandscapeStreamingProxy_3_7_0 SpatiallyLoaded:1 Bounds:IsValid=true, Min=(X=-25200.000 Y=75600.000 Z=3127.344), Max=(X=0.000 Y=100800.000 Z=10647.656) RuntimeGrid:None EditorOnly:0 RuntimeOnly:0 HLODRelevant:1 ListedInSceneOutliner:1 IsMainWorldOnly:0
 |   |   |- Guid:A882235E449D71AC064105B4EA3F9518 BaseClass: NativeClass:/Script/Landscape.LandscapeStreamingProxy Name:LandscapeStreamingProxy_D7T4VF4LBP34PHV9XOEVM5TIG_1_2_5_0 Label:LandscapeStreamingProxy_2_5_0 SpatiallyLoaded:1 Bounds:IsValid=true, Min=(X=-50400.000 Y=25200.000 Z=0.000), Max=(X=-25200.000 Y=50400.000 Z=3609.375) RuntimeGrid:None EditorOnly:0 RuntimeOnly:0 HLODRelevant:1 ListedInSceneOutliner:1 IsMainWorldOnly:0
 |   |   |- Guid:AAAC6B5742760A58C2206DB37E44683C BaseClass: NativeClass:/Script/Engine.DirectionalLight Name:DirectionalLight_UAID_A85E45CFE40401D200_1470382761 Label:DirectionalLight SpatiallyLoaded:0 Bounds:Invalid RuntimeGrid:None EditorOnly:0 RuntimeOnly:0 HLODRelevant:0 ListedInSceneOutliner:1 IsMainWorldOnly:1 FolderPath:Lighting FolderGuid:B7E9BD5B45A652654791988DEF54CCEB
 |   |   |- Guid:AE565297405B1809622B45ADC2750875 BaseClass: NativeClass:/Script/Landscape.LandscapeStreamingProxy Name:LandscapeStreamingProxy_D7T4VF4LBP34PHV9XOEVM5TIG_1_5_4_0 Label:LandscapeStreamingProxy_5_4_0 SpatiallyLoaded:1 Bounds:IsValid=true, Min=(X=25200.000 Y=0.000 Z=0.000), Max=(X=50400.000 Y=25200.000 Z=2303.125) RuntimeGrid:None EditorOnly:0 RuntimeOnly:0 HLODRelevant:1 ListedInSceneOutliner:1 IsMainWorldOnly:0
 |   |   |- Guid:B865D61B473CDD196F56BDA8F1637BEE BaseClass: NativeClass:/Script/Landscape.LandscapeStreamingProxy Name:LandscapeStreamingProxy_D7T4VF4LBP34PHV9XOEVM5TIG_1_5_6_0 Label:LandscapeStreamingProxy_5_6_0 SpatiallyLoaded:1 Bounds:IsValid=true, Min=(X=25200.000 Y=50400.000 Z=1202.344), Max=(X=50400.000 Y=75600.000 Z=8677.344) RuntimeGrid:None EditorOnly:0 RuntimeOnly:0 HLODRelevant:1 ListedInSceneOutliner:1 IsMainWorldOnly:0
 |   |   |- Guid:B9E92F9C437526A88CEB59B2694F0297 BaseClass: NativeClass:/Script/Landscape.LandscapeStreamingProxy Name:LandscapeStreamingProxy_D7T4VF4LBP34PHV9XOEVM5TIG_1_2_6_0 Label:LandscapeStreamingProxy_2_6_0 SpatiallyLoaded:1 Bounds:IsValid=true, Min=(X=-50400.000 Y=50400.000 Z=1284.375), Max=(X=-25200.000 Y=75600.000 Z=7450.781) RuntimeGrid:None EditorOnly:0 RuntimeOnly:0 HLODRelevant:1 ListedInSceneOutliner:1 IsMainWorldOnly:0
 |   |   |- Guid:C05781A44D7C770E1C0960A3CA1C133F BaseClass: NativeClass:/Script/Landscape.LandscapeStreamingProxy Name:LandscapeStreamingProxy_D7T4VF4LBP34PHV9XOEVM5TIG_1_4_5_0 Label:LandscapeStreamingProxy_4_5_0 SpatiallyLoaded:1 Bounds:IsValid=true, Min=(X=0.000 Y=25200.000 Z=-0.781), Max=(X=25200.000 Y=50400.000 Z=1202.344) RuntimeGrid:None EditorOnly:0 RuntimeOnly:0 HLODRelevant:1 ListedInSceneOutliner:1 IsMainWorldOnly:0
 |   |   |- Guid:C08A14624000EB194F9392A655EE0F44 BaseClass: NativeClass:/Script/Landscape.LandscapeStreamingProxy Name:LandscapeStreamingProxy_D7T4VF4LBP34PHV9XOEVM5TIG_1_0_0_0 Label:LandscapeStreamingProxy_0_0_0 SpatiallyLoaded:1 Bounds:IsValid=true, Min=(X=-100800.000 Y=-100800.000 Z=7269.531), Max=(X=-75600.000 Y=-75600.000 Z=12157.031) RuntimeGrid:None EditorOnly:0 RuntimeOnly:0 HLODRelevant:1 ListedInSceneOutliner:1 IsMainWorldOnly:0
 |   |   |- Guid:C5BE7A844D821610BF68FA846185D941 BaseClass: NativeClass:/Script/Landscape.LandscapeStreamingProxy Name:LandscapeStreamingProxy_D7T4VF4LBP34PHV9XOEVM5TIG_1_4_6_0 Label:LandscapeStreamingProxy_4_6_0 SpatiallyLoaded:1 Bounds:IsValid=true, Min=(X=0.000 Y=50400.000 Z=100.000), Max=(X=25200.000 Y=75600.000 Z=3294.531) RuntimeGrid:None EditorOnly:0 RuntimeOnly:0 HLODRelevant:1 ListedInSceneOutliner:1 IsMainWorldOnly:0
 |   |   |- Guid:D3FB7383421AAEFD3DB6F8B1E415A9FE BaseClass: NativeClass:/Script/Engine.ExponentialHeightFog Name:ExponentialHeightFog_UAID_A85E45CFE40401D200_1470382763 Label:ExponentialHeightFog SpatiallyLoaded:0 Bounds:IsValid=true, Min=(X=-5600.000 Y=-50.000 Z=-6850.000), Max=(X=-5600.000 Y=-50.000 Z=-6850.000) RuntimeGrid:None EditorOnly:0 RuntimeOnly:0 HLODRelevant:0 ListedInSceneOutliner:1 IsMainWorldOnly:0 FolderPath:Lighting FolderGuid:B7E9BD5B45A652654791988DEF54CCEB
 |   |   |- Guid:D7EBD1B64A395FA249930BA618DBFE6D BaseClass: NativeClass:/Script/Landscape.LandscapeStreamingProxy Name:LandscapeStreamingProxy_D7T4VF4LBP34PHV9XOEVM5TIG_1_0_5_0 Label:LandscapeStreamingProxy_0_5_0 SpatiallyLoaded:1 Bounds:IsValid=true, Min=(X=-100800.000 Y=25200.000 Z=3900.781), Max=(X=-75600.000 Y=50400.000 Z=10327.344) RuntimeGrid:None EditorOnly:0 RuntimeOnly:0 HLODRelevant:1 ListedInSceneOutliner:1 IsMainWorldOnly:0
 |   |   |- Guid:E6C4C89747E65FCDCCFD648F081F47C2 BaseClass: NativeClass:/Script/Landscape.LandscapeStreamingProxy Name:LandscapeStreamingProxy_D7T4VF4LBP34PHV9XOEVM5TIG_1_3_3_0 Label:LandscapeStreamingProxy_3_3_0 SpatiallyLoaded:1 Bounds:IsValid=true, Min=(X=-25200.000 Y=-25200.000 Z=-100.000), Max=(X=0.000 Y=0.000 Z=873.438) RuntimeGrid:None EditorOnly:0 RuntimeOnly:0 HLODRelevant:1 ListedInSceneOutliner:1 IsMainWorldOnly:0
 |   |   |- Guid:E94C0E7D4313A79186EAA6AEC85582C6 BaseClass: NativeClass:/Script/WaterEditor.WaterBrushManager Name:Landscape_WaterBrushManager_0 Label:Landscape_WaterBrushManager SpatiallyLoaded:0 Bounds:IsValid=true, Min=(X=0.000 Y=0.000 Z=7444.922), Max=(X=350.000 Y=350.000 Z=50000.000) RuntimeGrid:None EditorOnly:0 RuntimeOnly:0 HLODRelevant:0 ListedInSceneOutliner:1 IsMainWorldOnly:0
 |   |   |- Guid:F126230B4E115E5CD6608EBD70246B31 BaseClass: NativeClass:/Script/Water.WaterBodyOcean Name:WaterBodyOcean_UAID_00D8614F2BD3478E02_1219183947 Label:WaterBodyOcean SpatiallyLoaded:0 Bounds:IsValid=true, Min=(X=-100800.000 Y=-173530.000 Z=-19220.000), Max=(X=135700.000 Y=100800.000 Z=2780.000) RuntimeGrid:None EditorOnly:0 RuntimeOnly:0 HLODRelevant:1 ListedInSceneOutliner:1 IsMainWorldOnly:0
 |   |   |- Guid:F698883443058A9F883FB7852DDEE8F1 BaseClass: NativeClass:/Script/Landscape.LandscapeStreamingProxy Name:LandscapeStreamingProxy_D7T4VF4LBP34PHV9XOEVM5TIG_1_6_6_0 Label:LandscapeStreamingProxy_6_6_0 SpatiallyLoaded:1 Bounds:IsValid=true, Min=(X=50400.000 Y=50400.000 Z=5341.406), Max=(X=75600.000 Y=75600.000 Z=10853.906) RuntimeGrid:None EditorOnly:0 RuntimeOnly:0 HLODRelevant:1 ListedInSceneOutliner:1 IsMainWorldOnly:0
 |   |   |- Guid:F947F18B49858105B55E08A21E067F09 BaseClass: NativeClass:/Script/Landscape.LandscapeStreamingProxy Name:LandscapeStreamingProxy_D7T4VF4LBP34PHV9XOEVM5TIG_1_5_5_0 Label:LandscapeStreamingProxy_5_5_0 SpatiallyLoaded:1 Bounds:IsValid=true, Min=(X=25200.000 Y=25200.000 Z=0.000), Max=(X=50400.000 Y=50400.000 Z=5888.281) RuntimeGrid:None EditorOnly:0 RuntimeOnly:0 HLODRelevant:1 ListedInSceneOutliner:1 IsMainWorldOnly:0
 |   |   |- Guid:FC95DF384AD9CF7A5647699C01E254A2 BaseClass: NativeClass:/Script/Landscape.LandscapeStreamingProxy Name:LandscapeStreamingProxy_D7T4VF4LBP34PHV9XOEVM5TIG_1_1_3_0 Label:LandscapeStreamingProxy_1_3_0 SpatiallyLoaded:1 Bounds:IsValid=true, Min=(X=-75600.000 Y=-25200.000 Z=17.188), Max=(X=-50400.000 Y=0.000 Z=6477.344) RuntimeGrid:None EditorOnly:0 RuntimeOnly:0 HLODRelevant:1 ListedInSceneOutliner:1 IsMainWorldOnly:0
 |   |- [+] Clusters:
 |   |   |- [+] [  0]
 |   |   |   |- Guid:0550E94B443D34A7B2695084EF73CA8E BaseClass: NativeClass:/Script/Landscape.LandscapeStreamingProxy Name:LandscapeStreamingProxy_D7T4VF4LBP34PHV9XOEVM5TIG_1_7_5_0 Label:LandscapeStreamingProxy_7_5_0 SpatiallyLoaded:1 Bounds:IsValid=true, Min=(X=75600.000 Y=25200.000 Z=5872.656), Max=(X=100800.000 Y=50400.000 Z=13596.094) RuntimeGrid:None EditorOnly:0 RuntimeOnly:0 HLODRelevant:1 ListedInSceneOutliner:1 IsMainWorldOnly:0
 |   |   |- [+] [  1]
 |   |   |   |- Guid:0D7DFFA243DD16C5B1F9FBB6ECBB6CA1 BaseClass: NativeClass:/Script/Landscape.LandscapeStreamingProxy Name:LandscapeStreamingProxy_D7T4VF4LBP34PHV9XOEVM5TIG_1_7_7_0 Label:LandscapeStreamingProxy_7_7_0 SpatiallyLoaded:1 Bounds:IsValid=true, Min=(X=75600.000 Y=75600.000 Z=8727.344), Max=(X=100800.000 Y=100800.000 Z=12871.094) RuntimeGrid:None EditorOnly:0 RuntimeOnly:0 HLODRelevant:1 ListedInSceneOutliner:1 IsMainWorldOnly:0
 |   |   |- [+] [  2]
 |   |   |   |- Guid:0DDC8FEF4BE2623E6DE4258EC6ECD3DC BaseClass: NativeClass:/Script/Landscape.LandscapeStreamingProxy Name:LandscapeStreamingProxy_D7T4VF4LBP34PHV9XOEVM5TIG_1_4_7_0 Label:LandscapeStreamingProxy_4_7_0 SpatiallyLoaded:1 Bounds:IsValid=true, Min=(X=0.000 Y=75600.000 Z=2080.469), Max=(X=25200.000 Y=100800.000 Z=6055.469) RuntimeGrid:None EditorOnly:0 RuntimeOnly:0 HLODRelevant:1 ListedInSceneOutliner:1 IsMainWorldOnly:0
 |   |   |- [+] [  3]
 |   |   |   |- Guid:1132963840A0BF90C8F6FB9C03D28EDC BaseClass: NativeClass:/Script/Landscape.LandscapeStreamingProxy Name:LandscapeStreamingProxy_D7T4VF4LBP34PHV9XOEVM5TIG_1_1_4_0 Label:LandscapeStreamingProxy_1_4_0 SpatiallyLoaded:1 Bounds:IsValid=true, Min=(X=-75600.000 Y=0.000 Z=7.031), Max=(X=-50400.000 Y=25200.000 Z=4389.844) RuntimeGrid:None EditorOnly:0 RuntimeOnly:0 HLODRelevant:1 ListedInSceneOutliner:1 IsMainWorldOnly:0
 |   |   |- [+] [  4]
 |   |   |   |- Guid:1C18DE7D494342D016B686A01B18F71D BaseClass: NativeClass:/Script/Landscape.LandscapeStreamingProxy Name:LandscapeStreamingProxy_D7T4VF4LBP34PHV9XOEVM5TIG_1_2_3_0 Label:LandscapeStreamingProxy_2_3_0 SpatiallyLoaded:1 Bounds:IsValid=true, Min=(X=-50400.000 Y=-25200.000 Z=0.000), Max=(X=-25200.000 Y=0.000 Z=1038.281) RuntimeGrid:None EditorOnly:0 RuntimeOnly:0 HLODRelevant:1 ListedInSceneOutliner:1 IsMainWorldOnly:0
 |   |   |- [+] [  5]
 |   |   |   |- Guid:1D3D26F04B6DC10BEFB5B69E5CF914C8 BaseClass: NativeClass:/Script/Engine.VolumetricCloud Name:VolumetricCloud_UAID_A85E45CFE40401D200_1470381760 Label:VolumetricCloud SpatiallyLoaded:0 Bounds:IsValid=true, Min=(X=0.000 Y=0.000 Z=0.000), Max=(X=0.000 Y=0.000 Z=0.000) RuntimeGrid:None EditorOnly:0 RuntimeOnly:0 HLODRelevant:0 ListedInSceneOutliner:1 IsMainWorldOnly:0 FolderPath:Lighting FolderGuid:B7E9BD5B45A652654791988DEF54CCEB
 |   |   |- [+] [  6]
 |   |   |   |- Guid:1DE8D7AC4103A2EABA11649C7FCF8ACA BaseClass: NativeClass:/Script/Engine.SkyLight Name:SkyLight_UAID_A85E45CFE40401D200_1470380759 Label:SkyLight SpatiallyLoaded:0 Bounds:IsValid=true, Min=(X=0.000 Y=0.000 Z=0.000), Max=(X=0.000 Y=0.000 Z=0.000) RuntimeGrid:None EditorOnly:0 RuntimeOnly:0 HLODRelevant:0 ListedInSceneOutliner:1 IsMainWorldOnly:0 FolderPath:Lighting FolderGuid:B7E9BD5B45A652654791988DEF54CCEB
 |   |   |- [+] [  7]
 |   |   |   |- Guid:218E3B124735712D7EF272B4FB8E7FF6 BaseClass: NativeClass:/Script/Landscape.Landscape Name:Landscape_UAID_A85E45CFE404FBD100_1221515703 Label:Landscape SpatiallyLoaded:0 Bounds:IsValid=true, Min=(X=-100800.000 Y=-100800.000 Z=100.000), Max=(X=-100800.000 Y=-100800.000 Z=100.000) RuntimeGrid:None EditorOnly:0 RuntimeOnly:0 HLODRelevant:0 ListedInSceneOutliner:1 IsMainWorldOnly:0
 |   |   |- [+] [  8]
 |   |   |   |- Guid:2347681E4EBE5CEECBE9DBBC1DBA11C1 BaseClass: NativeClass:/Script/Landscape.LandscapeStreamingProxy Name:LandscapeStreamingProxy_D7T4VF4LBP34PHV9XOEVM5TIG_1_1_6_0 Label:LandscapeStreamingProxy_1_6_0 SpatiallyLoaded:1 Bounds:IsValid=true, Min=(X=-75600.000 Y=50400.000 Z=3219.531), Max=(X=-50400.000 Y=75600.000 Z=9172.656) RuntimeGrid:None EditorOnly:0 RuntimeOnly:0 HLODRelevant:1 ListedInSceneOutliner:1 IsMainWorldOnly:0
 |   |   |- [+] [  9]
 |   |   |   |- Guid:2CE12F874AA39D020A0F4BA5739BD305 BaseClass: NativeClass:/Script/Engine.SkyAtmosphere Name:SkyAtmosphere_UAID_A85E45CFE40401D200_1470382762 Label:SkyAtmosphere SpatiallyLoaded:0 Bounds:IsValid=true, Min=(X=0.000 Y=0.000 Z=0.000), Max=(X=0.000 Y=0.000 Z=0.000) RuntimeGrid:None EditorOnly:0 RuntimeOnly:0 HLODRelevant:0 ListedInSceneOutliner:1 IsMainWorldOnly:0 FolderPath:Lighting FolderGuid:B7E9BD5B45A652654791988DEF54CCEB
 |   |   |- [+] [ 10]
 |   |   |   |- Guid:2D25D44D481345FBF8570EB1B7BD1A3E BaseClass: NativeClass:/Script/Landscape.LandscapeStreamingProxy Name:LandscapeStreamingProxy_D7T4VF4LBP34PHV9XOEVM5TIG_1_0_6_0 Label:LandscapeStreamingProxy_0_6_0 SpatiallyLoaded:1 Bounds:IsValid=true, Min=(X=-100800.000 Y=50400.000 Z=5450.781), Max=(X=-75600.000 Y=75600.000 Z=11130.469) RuntimeGrid:None EditorOnly:0 RuntimeOnly:0 HLODRelevant:1 ListedInSceneOutliner:1 IsMainWorldOnly:0
 |   |   |- [+] [ 11]
 |   |   |   |- Guid:2ECDB0F14C38AB1F3D274DAFA9305640 BaseClass: NativeClass:/Script/Landscape.LandscapeStreamingProxy Name:LandscapeStreamingProxy_D7T4VF4LBP34PHV9XOEVM5TIG_1_0_3_0 Label:LandscapeStreamingProxy_0_3_0 SpatiallyLoaded:1 Bounds:IsValid=true, Min=(X=-100800.000 Y=-25200.000 Z=966.406), Max=(X=-75600.000 Y=0.000 Z=9202.344) RuntimeGrid:None EditorOnly:0 RuntimeOnly:0 HLODRelevant:1 ListedInSceneOutliner:1 IsMainWorldOnly:0
 |   |   |- [+] [ 12]
 |   |   |   |- Guid:3054DB3048C19DC2E335FB9B187E4297 BaseClass: NativeClass:/Script/Water.WaterZone Name:WaterZone_UAID_00D8614F2BD3468E02_2013023768 Label:WaterZone SpatiallyLoaded:0 Bounds:IsValid=true, Min=(X=-100800.000 Y=-100800.000 Z=-100800.000), Max=(X=100800.000 Y=100800.000 Z=100800.000) RuntimeGrid:None EditorOnly:0 RuntimeOnly:0 HLODRelevant:0 ListedInSceneOutliner:1 IsMainWorldOnly:0
 |   |   |- [+] [ 13]
 |   |   |   |- Guid:36F0ECB748300EFAAF23D8A6D11465B7 BaseClass: NativeClass:/Script/Engine.CameraActor Name:CameraActor_UAID_00D8614F2BD37B8C02_2067731983 Label:CameraActor SpatiallyLoaded:1 Bounds:IsValid=true, Min=(X=-396.736 Y=-1867.227 Z=1806.800), Max=(X=-396.736 Y=-1867.227 Z=1806.800) RuntimeGrid:None EditorOnly:0 RuntimeOnly:0 HLODRelevant:0 ListedInSceneOutliner:1 IsMainWorldOnly:0
 |   |   |- [+] [ 14]
 |   |   |   |- Guid:39F0C4EA4AC6F620731F8A985F1BA794 BaseClass: NativeClass:/Script/Landscape.LandscapeStreamingProxy Name:LandscapeStreamingProxy_D7T4VF4LBP34PHV9XOEVM5TIG_1_0_4_0 Label:LandscapeStreamingProxy_0_4_0 SpatiallyLoaded:1 Bounds:IsValid=true, Min=(X=-100800.000 Y=0.000 Z=847.656), Max=(X=-75600.000 Y=25200.000 Z=9271.094) RuntimeGrid:None EditorOnly:0 RuntimeOnly:0 HLODRelevant:1 ListedInSceneOutliner:1 IsMainWorldOnly:0
 |   |   |- [+] [ 15]
 |   |   |   |- Guid:3E25F0A8458FB2B2C4FDCCBEFBB79D7C BaseClass: NativeClass:/Script/Landscape.LandscapeStreamingProxy Name:LandscapeStreamingProxy_D7T4VF4LBP34PHV9XOEVM5TIG_1_7_6_0 Label:LandscapeStreamingProxy_7_6_0 SpatiallyLoaded:1 Bounds:IsValid=true, Min=(X=75600.000 Y=50400.000 Z=9205.469), Max=(X=100800.000 Y=75600.000 Z=14989.844) RuntimeGrid:None EditorOnly:0 RuntimeOnly:0 HLODRelevant:1 ListedInSceneOutliner:1 IsMainWorldOnly:0
 |   |   |- [+] [ 16]
 |   |   |   |- Guid:3F36F6E343853B5EFB38DF82C9F47BC1 BaseClass: NativeClass:/Script/Landscape.LandscapeStreamingProxy Name:LandscapeStreamingProxy_D7T4VF4LBP34PHV9XOEVM5TIG_1_3_6_0 Label:LandscapeStreamingProxy_3_6_0 SpatiallyLoaded:1 Bounds:IsValid=true, Min=(X=-25200.000 Y=50400.000 Z=189.062), Max=(X=0.000 Y=75600.000 Z=5252.344) RuntimeGrid:None EditorOnly:0 RuntimeOnly:0 HLODRelevant:1 ListedInSceneOutliner:1 IsMainWorldOnly:0
 |   |   |- [+] [ 17]
 |   |   |   |- Guid:5368FABB47D6D9580DAECA8B0417BF92 BaseClass: NativeClass:/Script/Engine.WorldDataLayers Name:WorldDataLayers Label:WorldDataLayers-1 SpatiallyLoaded:0 Bounds:Invalid RuntimeGrid:None EditorOnly:0 RuntimeOnly:0 HLODRelevant:0 ListedInSceneOutliner:1 IsMainWorldOnly:1
 |   |   |- [+] [ 18]
 |   |   |   |- Guid:5467074D485A504DB8C24CAD0B80AB77 BaseClass: NativeClass:/Script/Landscape.LandscapeStreamingProxy Name:LandscapeStreamingProxy_D7T4VF4LBP34PHV9XOEVM5TIG_1_1_2_0 Label:LandscapeStreamingProxy_1_2_0 SpatiallyLoaded:1 Bounds:IsValid=true, Min=(X=-75600.000 Y=-50400.000 Z=1038.281), Max=(X=-50400.000 Y=-25200.000 Z=8925.781) RuntimeGrid:None EditorOnly:0 RuntimeOnly:0 HLODRelevant:1 ListedInSceneOutliner:1 IsMainWorldOnly:0
 |   |   |- [+] [ 19]
 |   |   |   |- Guid:565205A14B72B1C79932C09B8AA708FB BaseClass: NativeClass:/Script/Landscape.LandscapeStreamingProxy Name:LandscapeStreamingProxy_D7T4VF4LBP34PHV9XOEVM5TIG_1_2_7_0 Label:LandscapeStreamingProxy_2_7_0 SpatiallyLoaded:1 Bounds:IsValid=true, Min=(X=-50400.000 Y=75600.000 Z=5080.469), Max=(X=-25200.000 Y=100800.000 Z=13166.406) RuntimeGrid:None EditorOnly:0 RuntimeOnly:0 HLODRelevant:1 ListedInSceneOutliner:1 IsMainWorldOnly:0
 |   |   |- [+] [ 20]
 |   |   |   |- Guid:58D8EC2E442386436F41E1AAF0CBD763 BaseClass: NativeClass:/Script/Engine.StaticMeshActor Name:StaticMeshActor_UAID_00D8614F2BD37B8C02_2083112984 Label:Cube SpatiallyLoaded:1 Bounds:IsValid=true, Min=(X=2366.195 Y=-2296.617 Z=1459.130), Max=(X=2396.195 Y=-2266.617 Z=1489.130) RuntimeGrid:None EditorOnly:0 RuntimeOnly:0 HLODRelevant:1 ListedInSceneOutliner:1 IsMainWorldOnly:0
 |   |   |- [+] [ 21]
 |   |   |   |- Guid:59C0CF754809E4A615B6B893483C5902 BaseClass: NativeClass:/Script/Landscape.LandscapeStreamingProxy Name:LandscapeStreamingProxy_D7T4VF4LBP34PHV9XOEVM5TIG_1_0_1_0 Label:LandscapeStreamingProxy_0_1_0 SpatiallyLoaded:1 Bounds:IsValid=true, Min=(X=-100800.000 Y=-75600.000 Z=5449.219), Max=(X=-75600.000 Y=-50400.000 Z=8761.719) RuntimeGrid:None EditorOnly:0 RuntimeOnly:0 HLODRelevant:1 ListedInSceneOutliner:1 IsMainWorldOnly:0
 |   |   |- [+] [ 22]
 |   |   |   |- Guid:64972DB740F13CE5190779A0B9CBA4EA BaseClass: NativeClass:/Script/Landscape.LandscapeStreamingProxy Name:LandscapeStreamingProxy_D7T4VF4LBP34PHV9XOEVM5TIG_1_1_5_0 Label:LandscapeStreamingProxy_1_5_0 SpatiallyLoaded:1 Bounds:IsValid=true, Min=(X=-75600.000 Y=25200.000 Z=131.250), Max=(X=-50400.000 Y=50400.000 Z=8019.531) RuntimeGrid:None EditorOnly:0 RuntimeOnly:0 HLODRelevant:1 ListedInSceneOutliner:1 IsMainWorldOnly:0
 |   |   |- [+] [ 23]
 |   |   |   |- Guid:694BAFC142AC7322A0E74693B4FFEA10 BaseClass: NativeClass:/Script/Engine.StaticMeshActor Name:StaticMeshActor_UAID_00D8614F2BD34A8E02_1488408471 Label:StaticMeshActor SpatiallyLoaded:1 Bounds:IsValid=true, Min=(X=-77890.000 Y=-69130.000 Z=7940.000), Max=(X=-77890.000 Y=-69130.000 Z=7940.000) RuntimeGrid:None EditorOnly:0 RuntimeOnly:0 HLODRelevant:0 ListedInSceneOutliner:1 IsMainWorldOnly:0
 |   |   |- [+] [ 24]
 |   |   |   |- Guid:6F77DF4E483D4B5A103A83BF8FB30F3A BaseClass: NativeClass:/Script/Landscape.LandscapeStreamingProxy Name:LandscapeStreamingProxy_D7T4VF4LBP34PHV9XOEVM5TIG_1_6_7_0 Label:LandscapeStreamingProxy_6_7_0 SpatiallyLoaded:1 Bounds:IsValid=true, Min=(X=50400.000 Y=75600.000 Z=7785.156), Max=(X=75600.000 Y=100800.000 Z=11791.406) RuntimeGrid:None EditorOnly:0 RuntimeOnly:0 HLODRelevant:1 ListedInSceneOutliner:1 IsMainWorldOnly:0
 |   |   |- [+] [ 25]
 |   |   |   |- Guid:707D0D104A1A6DBFBBD050AD016E1BA7 BaseClass: NativeClass:/Script/Landscape.LandscapeStreamingProxy Name:LandscapeStreamingProxy_D7T4VF4LBP34PHV9XOEVM5TIG_1_4_4_0 Label:LandscapeStreamingProxy_4_4_0 SpatiallyLoaded:1 Bounds:IsValid=true, Min=(X=0.000 Y=0.000 Z=-100.000), Max=(X=25200.000 Y=25200.000 Z=738.281) RuntimeGrid:None EditorOnly:0 RuntimeOnly:0 HLODRelevant:1 ListedInSceneOutliner:1 IsMainWorldOnly:0
 |   |   |- [+] [ 26]
 |   |   |   |- Guid:7DCB8EFE498FFD99EE494192AD474A2A BaseClass: NativeClass:/Script/Landscape.LandscapeStreamingProxy Name:LandscapeStreamingProxy_D7T4VF4LBP34PHV9XOEVM5TIG_1_2_4_0 Label:LandscapeStreamingProxy_2_4_0 SpatiallyLoaded:1 Bounds:IsValid=true, Min=(X=-50400.000 Y=0.000 Z=0.000), Max=(X=-25200.000 Y=25200.000 Z=164.844) RuntimeGrid:None EditorOnly:0 RuntimeOnly:0 HLODRelevant:1 ListedInSceneOutliner:1 IsMainWorldOnly:0
 |   |   |- [+] [ 27]
 |   |   |   |- Guid:7E8DF15942F955BCCAB7DB92DF810682 BaseClass: NativeClass:/Script/Landscape.LandscapeStreamingProxy Name:LandscapeStreamingProxy_D7T4VF4LBP34PHV9XOEVM5TIG_1_6_5_0 Label:LandscapeStreamingProxy_6_5_0 SpatiallyLoaded:1 Bounds:IsValid=true, Min=(X=50400.000 Y=25200.000 Z=2264.062), Max=(X=75600.000 Y=50400.000 Z=9232.031) RuntimeGrid:None EditorOnly:0 RuntimeOnly:0 HLODRelevant:1 ListedInSceneOutliner:1 IsMainWorldOnly:0
 |   |   |- [+] [ 28]
 |   |   |   |- Guid:82111EBA4245874D247823848B4F1385 BaseClass: NativeClass:/Script/Landscape.LandscapeStreamingProxy Name:LandscapeStreamingProxy_D7T4VF4LBP34PHV9XOEVM5TIG_1_4_3_0 Label:LandscapeStreamingProxy_4_3_0 SpatiallyLoaded:1 Bounds:IsValid=true, Min=(X=0.000 Y=-25200.000 Z=-123.438), Max=(X=25200.000 Y=0.000 Z=1463.281) RuntimeGrid:None EditorOnly:0 RuntimeOnly:0 HLODRelevant:1 ListedInSceneOutliner:1 IsMainWorldOnly:0
 |   |   |- [+] [ 29]
 |   |   |   |- Guid:83CD9E0B4741741D139767A8EC49B809 BaseClass: NativeClass:/Script/Landscape.LandscapeStreamingProxy Name:LandscapeStreamingProxy_D7T4VF4LBP34PHV9XOEVM5TIG_1_0_2_0 Label:LandscapeStreamingProxy_0_2_0 SpatiallyLoaded:1 Bounds:IsValid=true, Min=(X=-100800.000 Y=-50400.000 Z=5807.031), Max=(X=-75600.000 Y=-25200.000 Z=9500.781) RuntimeGrid:None EditorOnly:0 RuntimeOnly:0 HLODRelevant:1 ListedInSceneOutliner:1 IsMainWorldOnly:0
 |   |   |- [+] [ 30]
 |   |   |   |- Guid:8E5BA17B4086F5FC0291D1A92F7F73F4 BaseClass: NativeClass:/Script/Landscape.LandscapeStreamingProxy Name:LandscapeStreamingProxy_D7T4VF4LBP34PHV9XOEVM5TIG_1_5_7_0 Label:LandscapeStreamingProxy_5_7_0 SpatiallyLoaded:1 Bounds:IsValid=true, Min=(X=25200.000 Y=75600.000 Z=2653.906), Max=(X=50400.000 Y=100800.000 Z=9796.094) RuntimeGrid:None EditorOnly:0 RuntimeOnly:0 HLODRelevant:1 ListedInSceneOutliner:1 IsMainWorldOnly:0
 |   |   |- [+] [ 31]
 |   |   |   |- Guid:988456E1464ED6902163CB8467235B9D BaseClass: NativeClass:/Script/Landscape.LandscapeStreamingProxy Name:LandscapeStreamingProxy_D7T4VF4LBP34PHV9XOEVM5TIG_1_0_7_0 Label:LandscapeStreamingProxy_0_7_0 SpatiallyLoaded:1 Bounds:IsValid=true, Min=(X=-100800.000 Y=75600.000 Z=8263.281), Max=(X=-75600.000 Y=100800.000 Z=13605.469) RuntimeGrid:None EditorOnly:0 RuntimeOnly:0 HLODRelevant:1 ListedInSceneOutliner:1 IsMainWorldOnly:0
 |   |   |- [+] [ 32]
 |   |   |   |- Guid:9AA48BD04CB873661E75B0973B2BF04A BaseClass: NativeClass:/Script/Landscape.LandscapeStreamingProxy Name:LandscapeStreamingProxy_D7T4VF4LBP34PHV9XOEVM5TIG_1_3_5_0 Label:LandscapeStreamingProxy_3_5_0 SpatiallyLoaded:1 Bounds:IsValid=true, Min=(X=-25200.000 Y=25200.000 Z=-0.781), Max=(X=0.000 Y=50400.000 Z=1284.375) RuntimeGrid:None EditorOnly:0 RuntimeOnly:0 HLODRelevant:1 ListedInSceneOutliner:1 IsMainWorldOnly:0
 |   |   |- [+] [ 33]
 |   |   |   |- Guid:9CBBDFD8486812AAE8770CB093DB7460 BaseClass: NativeClass:/Script/Landscape.LandscapeStreamingProxy Name:LandscapeStreamingProxy_D7T4VF4LBP34PHV9XOEVM5TIG_1_3_4_0 Label:LandscapeStreamingProxy_3_4_0 SpatiallyLoaded:1 Bounds:IsValid=true, Min=(X=-25200.000 Y=0.000 Z=-100.000), Max=(X=0.000 Y=25200.000 Z=443.750) RuntimeGrid:None EditorOnly:0 RuntimeOnly:0 HLODRelevant:1 ListedInSceneOutliner:1 IsMainWorldOnly:0
 |   |   |- [+] [ 34]
 |   |   |   |- Guid:A35DA04D499AEDD6011C6B8293B4BE2B BaseClass: NativeClass:/Script/Landscape.LandscapeStreamingProxy Name:LandscapeStreamingProxy_D7T4VF4LBP34PHV9XOEVM5TIG_1_1_7_0 Label:LandscapeStreamingProxy_1_7_0 SpatiallyLoaded:1 Bounds:IsValid=true, Min=(X=-75600.000 Y=75600.000 Z=6619.531), Max=(X=-50400.000 Y=100800.000 Z=13197.656) RuntimeGrid:None EditorOnly:0 RuntimeOnly:0 HLODRelevant:1 ListedInSceneOutliner:1 IsMainWorldOnly:0
 |   |   |- [+] [ 35]
 |   |   |   |- Guid:A6E4B2F64282645AA7756082104E8B9D BaseClass: NativeClass:/Script/Landscape.LandscapeStreamingProxy Name:LandscapeStreamingProxy_D7T4VF4LBP34PHV9XOEVM5TIG_1_3_7_0 Label:LandscapeStreamingProxy_3_7_0 SpatiallyLoaded:1 Bounds:IsValid=true, Min=(X=-25200.000 Y=75600.000 Z=3127.344), Max=(X=0.000 Y=100800.000 Z=10647.656) RuntimeGrid:None EditorOnly:0 RuntimeOnly:0 HLODRelevant:1 ListedInSceneOutliner:1 IsMainWorldOnly:0
 |   |   |- [+] [ 36]
 |   |   |   |- Guid:A882235E449D71AC064105B4EA3F9518 BaseClass: NativeClass:/Script/Landscape.LandscapeStreamingProxy Name:LandscapeStreamingProxy_D7T4VF4LBP34PHV9XOEVM5TIG_1_2_5_0 Label:LandscapeStreamingProxy_2_5_0 SpatiallyLoaded:1 Bounds:IsValid=true, Min=(X=-50400.000 Y=25200.000 Z=0.000), Max=(X=-25200.000 Y=50400.000 Z=3609.375) RuntimeGrid:None EditorOnly:0 RuntimeOnly:0 HLODRelevant:1 ListedInSceneOutliner:1 IsMainWorldOnly:0
 |   |   |- [+] [ 37]
 |   |   |   |- Guid:AAAC6B5742760A58C2206DB37E44683C BaseClass: NativeClass:/Script/Engine.DirectionalLight Name:DirectionalLight_UAID_A85E45CFE40401D200_1470382761 Label:DirectionalLight SpatiallyLoaded:0 Bounds:Invalid RuntimeGrid:None EditorOnly:0 RuntimeOnly:0 HLODRelevant:0 ListedInSceneOutliner:1 IsMainWorldOnly:1 FolderPath:Lighting FolderGuid:B7E9BD5B45A652654791988DEF54CCEB
 |   |   |- [+] [ 38]
 |   |   |   |- Guid:AE565297405B1809622B45ADC2750875 BaseClass: NativeClass:/Script/Landscape.LandscapeStreamingProxy Name:LandscapeStreamingProxy_D7T4VF4LBP34PHV9XOEVM5TIG_1_5_4_0 Label:LandscapeStreamingProxy_5_4_0 SpatiallyLoaded:1 Bounds:IsValid=true, Min=(X=25200.000 Y=0.000 Z=0.000), Max=(X=50400.000 Y=25200.000 Z=2303.125) RuntimeGrid:None EditorOnly:0 RuntimeOnly:0 HLODRelevant:1 ListedInSceneOutliner:1 IsMainWorldOnly:0
 |   |   |- [+] [ 39]
 |   |   |   |- Guid:B865D61B473CDD196F56BDA8F1637BEE BaseClass: NativeClass:/Script/Landscape.LandscapeStreamingProxy Name:LandscapeStreamingProxy_D7T4VF4LBP34PHV9XOEVM5TIG_1_5_6_0 Label:LandscapeStreamingProxy_5_6_0 SpatiallyLoaded:1 Bounds:IsValid=true, Min=(X=25200.000 Y=50400.000 Z=1202.344), Max=(X=50400.000 Y=75600.000 Z=8677.344) RuntimeGrid:None EditorOnly:0 RuntimeOnly:0 HLODRelevant:1 ListedInSceneOutliner:1 IsMainWorldOnly:0
 |   |   |- [+] [ 40]
 |   |   |   |- Guid:B9E92F9C437526A88CEB59B2694F0297 BaseClass: NativeClass:/Script/Landscape.LandscapeStreamingProxy Name:LandscapeStreamingProxy_D7T4VF4LBP34PHV9XOEVM5TIG_1_2_6_0 Label:LandscapeStreamingProxy_2_6_0 SpatiallyLoaded:1 Bounds:IsValid=true, Min=(X=-50400.000 Y=50400.000 Z=1284.375), Max=(X=-25200.000 Y=75600.000 Z=7450.781) RuntimeGrid:None EditorOnly:0 RuntimeOnly:0 HLODRelevant:1 ListedInSceneOutliner:1 IsMainWorldOnly:0
 |   |   |- [+] [ 41]
 |   |   |   |- Guid:C05781A44D7C770E1C0960A3CA1C133F BaseClass: NativeClass:/Script/Landscape.LandscapeStreamingProxy Name:LandscapeStreamingProxy_D7T4VF4LBP34PHV9XOEVM5TIG_1_4_5_0 Label:LandscapeStreamingProxy_4_5_0 SpatiallyLoaded:1 Bounds:IsValid=true, Min=(X=0.000 Y=25200.000 Z=-0.781), Max=(X=25200.000 Y=50400.000 Z=1202.344) RuntimeGrid:None EditorOnly:0 RuntimeOnly:0 HLODRelevant:1 ListedInSceneOutliner:1 IsMainWorldOnly:0
 |   |   |- [+] [ 42]
 |   |   |   |- Guid:C08A14624000EB194F9392A655EE0F44 BaseClass: NativeClass:/Script/Landscape.LandscapeStreamingProxy Name:LandscapeStreamingProxy_D7T4VF4LBP34PHV9XOEVM5TIG_1_0_0_0 Label:LandscapeStreamingProxy_0_0_0 SpatiallyLoaded:1 Bounds:IsValid=true, Min=(X=-100800.000 Y=-100800.000 Z=7269.531), Max=(X=-75600.000 Y=-75600.000 Z=12157.031) RuntimeGrid:None EditorOnly:0 RuntimeOnly:0 HLODRelevant:1 ListedInSceneOutliner:1 IsMainWorldOnly:0
 |   |   |- [+] [ 43]
 |   |   |   |- Guid:C5BE7A844D821610BF68FA846185D941 BaseClass: NativeClass:/Script/Landscape.LandscapeStreamingProxy Name:LandscapeStreamingProxy_D7T4VF4LBP34PHV9XOEVM5TIG_1_4_6_0 Label:LandscapeStreamingProxy_4_6_0 SpatiallyLoaded:1 Bounds:IsValid=true, Min=(X=0.000 Y=50400.000 Z=100.000), Max=(X=25200.000 Y=75600.000 Z=3294.531) RuntimeGrid:None EditorOnly:0 RuntimeOnly:0 HLODRelevant:1 ListedInSceneOutliner:1 IsMainWorldOnly:0
 |   |   |- [+] [ 44]
 |   |   |   |- Guid:D3FB7383421AAEFD3DB6F8B1E415A9FE BaseClass: NativeClass:/Script/Engine.ExponentialHeightFog Name:ExponentialHeightFog_UAID_A85E45CFE40401D200_1470382763 Label:ExponentialHeightFog SpatiallyLoaded:0 Bounds:IsValid=true, Min=(X=-5600.000 Y=-50.000 Z=-6850.000), Max=(X=-5600.000 Y=-50.000 Z=-6850.000) RuntimeGrid:None EditorOnly:0 RuntimeOnly:0 HLODRelevant:0 ListedInSceneOutliner:1 IsMainWorldOnly:0 FolderPath:Lighting FolderGuid:B7E9BD5B45A652654791988DEF54CCEB
 |   |   |- [+] [ 45]
 |   |   |   |- Guid:D7EBD1B64A395FA249930BA618DBFE6D BaseClass: NativeClass:/Script/Landscape.LandscapeStreamingProxy Name:LandscapeStreamingProxy_D7T4VF4LBP34PHV9XOEVM5TIG_1_0_5_0 Label:LandscapeStreamingProxy_0_5_0 SpatiallyLoaded:1 Bounds:IsValid=true, Min=(X=-100800.000 Y=25200.000 Z=3900.781), Max=(X=-75600.000 Y=50400.000 Z=10327.344) RuntimeGrid:None EditorOnly:0 RuntimeOnly:0 HLODRelevant:1 ListedInSceneOutliner:1 IsMainWorldOnly:0
 |   |   |- [+] [ 46]
 |   |   |   |- Guid:E6C4C89747E65FCDCCFD648F081F47C2 BaseClass: NativeClass:/Script/Landscape.LandscapeStreamingProxy Name:LandscapeStreamingProxy_D7T4VF4LBP34PHV9XOEVM5TIG_1_3_3_0 Label:LandscapeStreamingProxy_3_3_0 SpatiallyLoaded:1 Bounds:IsValid=true, Min=(X=-25200.000 Y=-25200.000 Z=-100.000), Max=(X=0.000 Y=0.000 Z=873.438) RuntimeGrid:None EditorOnly:0 RuntimeOnly:0 HLODRelevant:1 ListedInSceneOutliner:1 IsMainWorldOnly:0
 |   |   |- [+] [ 47]
 |   |   |   |- Guid:E94C0E7D4313A79186EAA6AEC85582C6 BaseClass: NativeClass:/Script/WaterEditor.WaterBrushManager Name:Landscape_WaterBrushManager_0 Label:Landscape_WaterBrushManager SpatiallyLoaded:0 Bounds:IsValid=true, Min=(X=0.000 Y=0.000 Z=7444.922), Max=(X=350.000 Y=350.000 Z=50000.000) RuntimeGrid:None EditorOnly:0 RuntimeOnly:0 HLODRelevant:0 ListedInSceneOutliner:1 IsMainWorldOnly:0
 |   |   |- [+] [ 48]
 |   |   |   |- Guid:F126230B4E115E5CD6608EBD70246B31 BaseClass: NativeClass:/Script/Water.WaterBodyOcean Name:WaterBodyOcean_UAID_00D8614F2BD3478E02_1219183947 Label:WaterBodyOcean SpatiallyLoaded:0 Bounds:IsValid=true, Min=(X=-100800.000 Y=-173530.000 Z=-19220.000), Max=(X=135700.000 Y=100800.000 Z=2780.000) RuntimeGrid:None EditorOnly:0 RuntimeOnly:0 HLODRelevant:1 ListedInSceneOutliner:1 IsMainWorldOnly:0
 |   |   |- [+] [ 49]
 |   |   |   |- Guid:F698883443058A9F883FB7852DDEE8F1 BaseClass: NativeClass:/Script/Landscape.LandscapeStreamingProxy Name:LandscapeStreamingProxy_D7T4VF4LBP34PHV9XOEVM5TIG_1_6_6_0 Label:LandscapeStreamingProxy_6_6_0 SpatiallyLoaded:1 Bounds:IsValid=true, Min=(X=50400.000 Y=50400.000 Z=5341.406), Max=(X=75600.000 Y=75600.000 Z=10853.906) RuntimeGrid:None EditorOnly:0 RuntimeOnly:0 HLODRelevant:1 ListedInSceneOutliner:1 IsMainWorldOnly:0
 |   |   |- [+] [ 50]
 |   |   |   |- Guid:F947F18B49858105B55E08A21E067F09 BaseClass: NativeClass:/Script/Landscape.LandscapeStreamingProxy Name:LandscapeStreamingProxy_D7T4VF4LBP34PHV9XOEVM5TIG_1_5_5_0 Label:LandscapeStreamingProxy_5_5_0 SpatiallyLoaded:1 Bounds:IsValid=true, Min=(X=25200.000 Y=25200.000 Z=0.000), Max=(X=50400.000 Y=50400.000 Z=5888.281) RuntimeGrid:None EditorOnly:0 RuntimeOnly:0 HLODRelevant:1 ListedInSceneOutliner:1 IsMainWorldOnly:0
 |   |   |- [+] [ 51]
 |   |   |   |- Guid:FC95DF384AD9CF7A5647699C01E254A2 BaseClass: NativeClass:/Script/Landscape.LandscapeStreamingProxy Name:LandscapeStreamingProxy_D7T4VF4LBP34PHV9XOEVM5TIG_1_1_3_0 Label:LandscapeStreamingProxy_1_3_0 SpatiallyLoaded:1 Bounds:IsValid=true, Min=(X=-75600.000 Y=-25200.000 Z=17.188), Max=(X=-50400.000 Y=0.000 Z=6477.344) RuntimeGrid:None EditorOnly:0 RuntimeOnly:0 HLODRelevant:1 ListedInSceneOutliner:1 IsMainWorldOnly:0
 |- ContainerInstances:
 |- [+] MainContainer:
 |   |-        ID: 00000000000000000000000000000000
 |   |-  ParentID: 00000000000000000000000000000000
 |   |-    Bounds: IsValid=true, Min=(X=-100800.000 Y=-100800.000 Z=-123.438), Max=(X=100800.000 Y=100800.000 Z=14989.844)
 |   |- Transform: 0.000000,0.000000,0.000000|0.000000,0.000000,-0.000000|1.000000,1.000000,1.000000
 |   |- Container: /Game/UILevelTest/??
----------------------------------------------------------------------------------------------------------------
?? - Persistent Level
----------------------------------------------------------------------------------------------------------------
[+] Content of ?? Persistent Level
 |- Always loaded Actor Count: 10 
 |- Actor Path: /Game/UILevelTest/??.??:PersistentLevel.DirectionalLight_UAID_A85E45CFE40401D200_1470382761
 |- Actor Package: /Game/__ExternalActors__/UILevelTest/??/B/L9/2PONZSUNPB22LKI0U6RSVR
 |- Actor Path: /Game/UILevelTest/??.??:PersistentLevel.ExponentialHeightFog_UAID_A85E45CFE40401D200_1470382763
 |- Actor Package: /Game/__ExternalActors__/UILevelTest/??/7/L6/D042P6AEJQIIVOYU0EPXKT
 |- Actor Path: /Game/UILevelTest/??.??:PersistentLevel.Landscape_UAID_A85E45CFE404FBD100_1221515703
 |- Actor Package: /Game/__ExternalActors__/UILevelTest/??/B/NX/ULT0OSUYXS48WZHD76L3A0
 |- Actor Path: /Game/UILevelTest/??.??:PersistentLevel.Landscape_WaterBrushManager_0
 |- Actor Package: /Game/__ExternalActors__/UILevelTest/??/B/78/BPE270VPGCB97VR5EBB9LU
 |- Actor Path: /Game/UILevelTest/??.??:PersistentLevel.SkyAtmosphere_UAID_A85E45CFE40401D200_1470382762
 |- Actor Package: /Game/__ExternalActors__/UILevelTest/??/8/8C/M76FKFNIQWX858977LWZLB
 |- Actor Path: /Game/UILevelTest/??.??:PersistentLevel.SkyLight_UAID_A85E45CFE40401D200_1470380759
 |- Actor Package: /Game/__ExternalActors__/UILevelTest/??/C/ZZ/BTDYY2LOIJZAG6YZGJN253
 |- Actor Path: /Game/UILevelTest/??.??:PersistentLevel.VolumetricCloud_UAID_A85E45CFE40401D200_1470381760
 |- Actor Package: /Game/__ExternalActors__/UILevelTest/??/4/NC/13CUIAP03BOXIW97XF2MZZ
 |- Actor Path: /Game/UILevelTest/??.??:PersistentLevel.WaterBodyOcean_UAID_00D8614F2BD3478E02_1219183947
 |- Actor Package: /Game/__ExternalActors__/UILevelTest/??/D/14/AIUJHBRSRMR3L7N697Z6EP
 |- Actor Path: /Game/UILevelTest/??.??:PersistentLevel.WaterZone_UAID_00D8614F2BD3468E02_2013023768
 |- Actor Package: /Game/__ExternalActors__/UILevelTest/??/B/ZM/P2V75THBTQA916ARNVZLQ6
 |- Actor Path: /Game/UILevelTest/??.??:PersistentLevel.WorldDataLayers
 |- Actor Package: /Game/__ExternalActors__/UILevelTest/??/1/ZH/VQPZE9B2DVZXHI9H5U8PYV

----------------------------------------------------------------------------------------------------------------
?? - Runtime Hash Set
----------------------------------------------------------------------------------------------------------------
[+] Content of Cell ??_MainGrid_-2_0_0_0 (14BSTDXG7DM9DIWSLBSEJHZVZ)
 |- Actor Count: 1
 |- [+] /Game/UILevelTest/??.??:PersistentLevel.LandscapeStreamingProxy_D7T4VF4LBP34PHV9XOEVM5TIG_1_2_4_0
 |   |-         Package: /Game/__ExternalActors__/UILevelTest/??/C/JY/7RY6LHWZ5EJ9ZJKDVEXES2
 |   |-     Editor Only: 0
 |   |-   Instance Guid: 7DCB8EFE498FFD99EE494192AD474A2A
 |   |- [+] Container:
 |   |   |-        ID: 00000000000000000000000000000000
 |   |   |- Transform: 0.000000,0.000000,0.000000|0.000000,0.000000,-0.000000|1.000000,1.000000,1.000000
[+] Content of Cell ??_MainGrid_-2_2_0_0 (1D9PCWD5RVY16II6HJJACS50N)
 |- Actor Count: 1
 |- [+] /Game/UILevelTest/??.??:PersistentLevel.LandscapeStreamingProxy_D7T4VF4LBP34PHV9XOEVM5TIG_1_2_6_0
 |   |-         Package: /Game/__ExternalActors__/UILevelTest/??/4/UQ/CJHLHOATF14JVEAFHMRGH4
 |   |-     Editor Only: 0
 |   |-   Instance Guid: B9E92F9C437526A88CEB59B2694F0297
 |   |- [+] Container:
 |   |   |-        ID: 00000000000000000000000000000000
 |   |   |- Transform: 0.000000,0.000000,0.000000|0.000000,0.000000,-0.000000|1.000000,1.000000,1.000000
[+] Content of Cell ??_MainGrid_-2_-1_0_0 (1FM8PPBR1Q1L6YEZIZOQZ1ZIX)
 |- Actor Count: 1
 |- [+] /Game/UILevelTest/??.??:PersistentLevel.LandscapeStreamingProxy_D7T4VF4LBP34PHV9XOEVM5TIG_1_2_3_0
 |   |-         Package: /Game/__ExternalActors__/UILevelTest/??/3/IV/AJUH7Y3ROQ9IOTVIUI1WG8
 |   |-     Editor Only: 0
 |   |-   Instance Guid: 1C18DE7D494342D016B686A01B18F71D
 |   |- [+] Container:
 |   |   |-        ID: 00000000000000000000000000000000
 |   |   |- Transform: 0.000000,0.000000,0.000000|0.000000,0.000000,-0.000000|1.000000,1.000000,1.000000
[+] Content of Cell ??_MainGrid_-1_-1_0_0 (1PSE9WU367Q4S4JQ4Y3MBPA8R)
 |- Actor Count: 2
 |- [+] /Game/UILevelTest/??.??:PersistentLevel.CameraActor_UAID_00D8614F2BD37B8C02_2067731983
 |   |-         Package: /Game/__ExternalActors__/UILevelTest/??/5/22/DXNAOB991MSQYCPIK7DG36
 |   |-     Editor Only: 0
 |   |-   Instance Guid: 36F0ECB748300EFAAF23D8A6D11465B7
 |   |- [+] Container:
 |   |   |-        ID: 00000000000000000000000000000000
 |   |   |- Transform: 0.000000,0.000000,0.000000|0.000000,0.000000,-0.000000|1.000000,1.000000,1.000000
 |- [+] /Game/UILevelTest/??.??:PersistentLevel.LandscapeStreamingProxy_D7T4VF4LBP34PHV9XOEVM5TIG_1_3_3_0
 |   |-         Package: /Game/__ExternalActors__/UILevelTest/??/2/B8/II8Q4UJCGE3PTT1QJGSMJF
 |   |-     Editor Only: 0
 |   |-   Instance Guid: E6C4C89747E65FCDCCFD648F081F47C2
 |   |- [+] Container:
 |   |   |-        ID: 00000000000000000000000000000000
 |   |   |- Transform: 0.000000,0.000000,0.000000|0.000000,0.000000,-0.000000|1.000000,1.000000,1.000000
[+] Content of Cell ??_MainGrid_-4_1_0_0 (1QPH6LYAKM85TE51OVO0SYD0Z)
 |- Actor Count: 1
 |- [+] /Game/UILevelTest/??.??:PersistentLevel.LandscapeStreamingProxy_D7T4VF4LBP34PHV9XOEVM5TIG_1_0_5_0
 |   |-         Package: /Game/__ExternalActors__/UILevelTest/??/A/JJ/GV1LLE3L9NAQSYWGQNS6O9
 |   |-     Editor Only: 0
 |   |-   Instance Guid: D7EBD1B64A395FA249930BA618DBFE6D
 |   |- [+] Container:
 |   |   |-        ID: 00000000000000000000000000000000
 |   |   |- Transform: 0.000000,0.000000,0.000000|0.000000,0.000000,-0.000000|1.000000,1.000000,1.000000
[+] Content of Cell ??_MainGrid_-4_-4_0_0 (316363LQS9FMO16M8C5NT9UA8)
 |- Actor Count: 1
 |- [+] /Game/UILevelTest/??.??:PersistentLevel.LandscapeStreamingProxy_D7T4VF4LBP34PHV9XOEVM5TIG_1_0_0_0
 |   |-         Package: /Game/__ExternalActors__/UILevelTest/??/5/M9/DHLYJPF24YL0K5977B3QQF
 |   |-     Editor Only: 0
 |   |-   Instance Guid: C08A14624000EB194F9392A655EE0F44
 |   |- [+] Container:
 |   |   |-        ID: 00000000000000000000000000000000
 |   |   |- Transform: 0.000000,0.000000,0.000000|0.000000,0.000000,-0.000000|1.000000,1.000000,1.000000
[+] Content of Cell ??_MainGrid_1_2_0_0 (3SDK75ZHFXSG5YZ4I7LX14N88)
 |- Actor Count: 1
 |- [+] /Game/UILevelTest/??.??:PersistentLevel.LandscapeStreamingProxy_D7T4VF4LBP34PHV9XOEVM5TIG_1_5_6_0
 |   |-         Package: /Game/__ExternalActors__/UILevelTest/??/E/XK/BA3G1X2CYV04K4EEKCHI1H
 |   |-     Editor Only: 0
 |   |-   Instance Guid: B865D61B473CDD196F56BDA8F1637BEE
 |   |- [+] Container:
 |   |   |-        ID: 00000000000000000000000000000000
 |   |   |- Transform: 0.000000,0.000000,0.000000|0.000000,0.000000,-0.000000|1.000000,1.000000,1.000000
[+] Content of Cell ??_MainGrid_3_1_0_0 (4E4UKOPUVCTU2ZQGL7XTRO148)
 |- Actor Count: 1
 |- [+] /Game/UILevelTest/??.??:PersistentLevel.LandscapeStreamingProxy_D7T4VF4LBP34PHV9XOEVM5TIG_1_7_5_0
 |   |-         Package: /Game/__ExternalActors__/UILevelTest/??/8/CU/GC52XY3RL43Z37UWFNM6XN
 |   |-     Editor Only: 0
 |   |-   Instance Guid: 0550E94B443D34A7B2695084EF73CA8E
 |   |- [+] Container:
 |   |   |-        ID: 00000000000000000000000000000000
 |   |   |- Transform: 0.000000,0.000000,0.000000|0.000000,0.000000,-0.000000|1.000000,1.000000,1.000000
[+] Content of Cell ??_MainGrid_-3_3_0_0 (4LQA9Y4OB78O3YJCJBV1FLU97)
 |- Actor Count: 1
 |- [+] /Game/UILevelTest/??.??:PersistentLevel.LandscapeStreamingProxy_D7T4VF4LBP34PHV9XOEVM5TIG_1_1_7_0
 |   |-         Package: /Game/__ExternalActors__/UILevelTest/??/0/R7/7IXUFIBEEXI0AXG7UBIULN
 |   |-     Editor Only: 0
 |   |-   Instance Guid: A35DA04D499AEDD6011C6B8293B4BE2B
 |   |- [+] Container:
 |   |   |-        ID: 00000000000000000000000000000000
 |   |   |- Transform: 0.000000,0.000000,0.000000|0.000000,0.000000,-0.000000|1.000000,1.000000,1.000000
[+] Content of Cell ??_MainGrid_-3_-2_0_0 (5YL2PVAWUYW144IHVVMHDVPWS)
 |- Actor Count: 1
 |- [+] /Game/UILevelTest/??.??:PersistentLevel.LandscapeStreamingProxy_D7T4VF4LBP34PHV9XOEVM5TIG_1_1_2_0
 |   |-         Package: /Game/__ExternalActors__/UILevelTest/??/4/Y7/5NNR0FISYL4V4GF0DB181V
 |   |-     Editor Only: 0
 |   |-   Instance Guid: 5467074D485A504DB8C24CAD0B80AB77
 |   |- [+] Container:
 |   |   |-        ID: 00000000000000000000000000000000
 |   |   |- Transform: 0.000000,0.000000,0.000000|0.000000,0.000000,-0.000000|1.000000,1.000000,1.000000
[+] Content of Cell ??_MainGrid_-3_1_0_0 (65KL6WH30EQZN7H59PMHCE8IW)
 |- Actor Count: 1
 |- [+] /Game/UILevelTest/??.??:PersistentLevel.LandscapeStreamingProxy_D7T4VF4LBP34PHV9XOEVM5TIG_1_1_5_0
 |   |-         Package: /Game/__ExternalActors__/UILevelTest/??/8/AH/B8BVXEIMH6UJVMFV5SBYYF
 |   |-     Editor Only: 0
 |   |-   Instance Guid: 64972DB740F13CE5190779A0B9CBA4EA
 |   |- [+] Container:
 |   |   |-        ID: 00000000000000000000000000000000
 |   |   |- Transform: 0.000000,0.000000,0.000000|0.000000,0.000000,-0.000000|1.000000,1.000000,1.000000
[+] Content of Cell ??_MainGrid_2_3_0_0 (66EDIF51MLQ7D2S5M2PUHJCGQ)
 |- Actor Count: 1
 |- [+] /Game/UILevelTest/??.??:PersistentLevel.LandscapeStreamingProxy_D7T4VF4LBP34PHV9XOEVM5TIG_1_6_7_0
 |   |-         Package: /Game/__ExternalActors__/UILevelTest/??/A/NS/9J7D4POU6N6QQSXEYYC8WN
 |   |-     Editor Only: 0
 |   |-   Instance Guid: 6F77DF4E483D4B5A103A83BF8FB30F3A
 |   |- [+] Container:
 |   |   |-        ID: 00000000000000000000000000000000
 |   |   |- Transform: 0.000000,0.000000,0.000000|0.000000,0.000000,-0.000000|1.000000,1.000000,1.000000
[+] Content of Cell ??_MainGrid_-4_0_0_0 (680UBMS3E0ZH41J6RRBCLYFX3)
 |- Actor Count: 1
 |- [+] /Game/UILevelTest/??.??:PersistentLevel.LandscapeStreamingProxy_D7T4VF4LBP34PHV9XOEVM5TIG_1_0_4_0
 |   |-         Package: /Game/__ExternalActors__/UILevelTest/??/B/UA/PV2ZBMZ625AXMHYVGZDOUE
 |   |-     Editor Only: 0
 |   |-   Instance Guid: 39F0C4EA4AC6F620731F8A985F1BA794
 |   |- [+] Container:
 |   |   |-        ID: 00000000000000000000000000000000
 |   |   |- Transform: 0.000000,0.000000,0.000000|0.000000,0.000000,-0.000000|1.000000,1.000000,1.000000
[+] Content of Cell ??_MainGrid_2_2_0_0 (6BAGKZSTDAA59G7B59SAQF981)
 |- Actor Count: 1
 |- [+] /Game/UILevelTest/??.??:PersistentLevel.LandscapeStreamingProxy_D7T4VF4LBP34PHV9XOEVM5TIG_1_6_6_0
 |   |-         Package: /Game/__ExternalActors__/UILevelTest/??/6/7Q/5EENKSLC3FH8HC5MN12BWL
 |   |-     Editor Only: 0
 |   |-   Instance Guid: F698883443058A9F883FB7852DDEE8F1
 |   |- [+] Container:
 |   |   |-        ID: 00000000000000000000000000000000
 |   |   |- Transform: 0.000000,0.000000,0.000000|0.000000,0.000000,-0.000000|1.000000,1.000000,1.000000
[+] Content of Cell ??_MainGrid_1_1_0_0 (6ZFH3XJD43P0ZXI4L8DCCMQZJ)
 |- Actor Count: 1
 |- [+] /Game/UILevelTest/??.??:PersistentLevel.LandscapeStreamingProxy_D7T4VF4LBP34PHV9XOEVM5TIG_1_5_5_0
 |   |-         Package: /Game/__ExternalActors__/UILevelTest/??/7/EJ/BLTO0YQCGXUTXZU4ID1OZ7
 |   |-     Editor Only: 0
 |   |-   Instance Guid: F947F18B49858105B55E08A21E067F09
 |   |- [+] Container:
 |   |   |-        ID: 00000000000000000000000000000000
 |   |   |- Transform: 0.000000,0.000000,0.000000|0.000000,0.000000,-0.000000|1.000000,1.000000,1.000000
[+] Content of Cell ??_MainGrid_0_1_0_0 (7H0DUWNXZFSEAXLLQ0W45SJII)
 |- Actor Count: 1
 |- [+] /Game/UILevelTest/??.??:PersistentLevel.LandscapeStreamingProxy_D7T4VF4LBP34PHV9XOEVM5TIG_1_4_5_0
 |   |-         Package: /Game/__ExternalActors__/UILevelTest/??/1/70/F7HH4DWQUCSYSE6RWHPYDZ
 |   |-     Editor Only: 0
 |   |-   Instance Guid: C05781A44D7C770E1C0960A3CA1C133F
 |   |- [+] Container:
 |   |   |-        ID: 00000000000000000000000000000000
 |   |   |- Transform: 0.000000,0.000000,0.000000|0.000000,0.000000,-0.000000|1.000000,1.000000,1.000000
[+] Content of Cell ??_MainGrid_0_0_0_0 (7I07AUUJ9HO5AUOKZ9GRSVGXE)
 |- Actor Count: 1
 |- [+] /Game/UILevelTest/??.??:PersistentLevel.LandscapeStreamingProxy_D7T4VF4LBP34PHV9XOEVM5TIG_1_4_4_0
 |   |-         Package: /Game/__ExternalActors__/UILevelTest/??/1/I0/5MTV0XQS3M3U8CUBKF63AI
 |   |-     Editor Only: 0
 |   |-   Instance Guid: 707D0D104A1A6DBFBBD050AD016E1BA7
 |   |- [+] Container:
 |   |   |-        ID: 00000000000000000000000000000000
 |   |   |- Transform: 0.000000,0.000000,0.000000|0.000000,0.000000,-0.000000|1.000000,1.000000,1.000000
[+] Content of Cell ??_MainGrid_3_2_0_0 (7KNFF4G55EI7N497V24DFGCKC)
 |- Actor Count: 1
 |- [+] /Game/UILevelTest/??.??:PersistentLevel.LandscapeStreamingProxy_D7T4VF4LBP34PHV9XOEVM5TIG_1_7_6_0
 |   |-         Package: /Game/__ExternalActors__/UILevelTest/??/9/3H/RY8P6VDT8XB8WNLBTHX50M
 |   |-     Editor Only: 0
 |   |-   Instance Guid: 3E25F0A8458FB2B2C4FDCCBEFBB79D7C
 |   |- [+] Container:
 |   |   |-        ID: 00000000000000000000000000000000
 |   |   |- Transform: 0.000000,0.000000,0.000000|0.000000,0.000000,-0.000000|1.000000,1.000000,1.000000
[+] Content of Cell ??_MainGrid_-3_-1_0_0 (7P0EV7GTWGQHSKEVNXOWC5PAD)
 |- Actor Count: 1
 |- [+] /Game/UILevelTest/??.??:PersistentLevel.LandscapeStreamingProxy_D7T4VF4LBP34PHV9XOEVM5TIG_1_1_3_0
 |   |-         Package: /Game/__ExternalActors__/UILevelTest/??/5/P8/SWXBFQQWTRRROEUC77PLDM
 |   |-     Editor Only: 0
 |   |-   Instance Guid: FC95DF384AD9CF7A5647699C01E254A2
 |   |- [+] Container:
 |   |   |-        ID: 00000000000000000000000000000000
 |   |   |- Transform: 0.000000,0.000000,0.000000|0.000000,0.000000,-0.000000|1.000000,1.000000,1.000000
[+] Content of Cell ??_MainGrid_-1_2_0_0 (8EN9MC2BNGVJSRKQQ9KJ60CD9)
 |- Actor Count: 1
 |- [+] /Game/UILevelTest/??.??:PersistentLevel.LandscapeStreamingProxy_D7T4VF4LBP34PHV9XOEVM5TIG_1_3_6_0
 |   |-         Package: /Game/__ExternalActors__/UILevelTest/??/1/4T/HCG32BX8LPIT6JMXXNLPD1
 |   |-     Editor Only: 0
 |   |-   Instance Guid: 3F36F6E343853B5EFB38DF82C9F47BC1
 |   |- [+] Container:
 |   |   |-        ID: 00000000000000000000000000000000
 |   |   |- Transform: 0.000000,0.000000,0.000000|0.000000,0.000000,-0.000000|1.000000,1.000000,1.000000
[+] Content of Cell ??_MainGrid_3_3_0_0 (8W6Y81TMATJG5ISYX60TXHPFY)
 |- Actor Count: 1
 |- [+] /Game/UILevelTest/??.??:PersistentLevel.LandscapeStreamingProxy_D7T4VF4LBP34PHV9XOEVM5TIG_1_7_7_0
 |   |-         Package: /Game/__ExternalActors__/UILevelTest/??/2/CA/975QAD6I96TPY81UXN0LTK
 |   |-     Editor Only: 0
 |   |-   Instance Guid: 0D7DFFA243DD16C5B1F9FBB6ECBB6CA1
 |   |- [+] Container:
 |   |   |-        ID: 00000000000000000000000000000000
 |   |   |- Transform: 0.000000,0.000000,0.000000|0.000000,0.000000,-0.000000|1.000000,1.000000,1.000000
[+] Content of Cell ??_MainGrid_0_-1_0_0 (91Q6T4XONJ1S3JP6H2YYQH3JN)
 |- Actor Count: 2
 |- [+] /Game/UILevelTest/??.??:PersistentLevel.StaticMeshActor_UAID_00D8614F2BD37B8C02_2083112984
 |   |-         Package: /Game/__ExternalActors__/UILevelTest/??/7/3U/T3LCDAM7U17MDKC7VS7I5M
 |   |-     Editor Only: 0
 |   |-   Instance Guid: 58D8EC2E442386436F41E1AAF0CBD763
 |   |- [+] Container:
 |   |   |-        ID: 00000000000000000000000000000000
 |   |   |- Transform: 0.000000,0.000000,0.000000|0.000000,0.000000,-0.000000|1.000000,1.000000,1.000000
 |- [+] /Game/UILevelTest/??.??:PersistentLevel.LandscapeStreamingProxy_D7T4VF4LBP34PHV9XOEVM5TIG_1_4_3_0
 |   |-         Package: /Game/__ExternalActors__/UILevelTest/??/A/7G/US7AY5H0XPZUOH4TYTI8GL
 |   |-     Editor Only: 0
 |   |-   Instance Guid: 82111EBA4245874D247823848B4F1385
 |   |- [+] Container:
 |   |   |-        ID: 00000000000000000000000000000000
 |   |   |- Transform: 0.000000,0.000000,0.000000|0.000000,0.000000,-0.000000|1.000000,1.000000,1.000000
[+] Content of Cell ??_MainGrid_-2_1_0_0 (91R9G18TXXQZ92EXKSZQEVLEV)
 |- Actor Count: 1
 |- [+] /Game/UILevelTest/??.??:PersistentLevel.LandscapeStreamingProxy_D7T4VF4LBP34PHV9XOEVM5TIG_1_2_5_0
 |   |-         Package: /Game/__ExternalActors__/UILevelTest/??/0/TR/F34TN4GY072HA75Z7YI4AG
 |   |-     Editor Only: 0
 |   |-   Instance Guid: A882235E449D71AC064105B4EA3F9518
 |   |- [+] Container:
 |   |   |-        ID: 00000000000000000000000000000000
 |   |   |- Transform: 0.000000,0.000000,0.000000|0.000000,0.000000,-0.000000|1.000000,1.000000,1.000000
[+] Content of Cell ??_MainGrid_-4_3_0_0 (92WYPM63JWJADK63H1YTW7F6E)
 |- Actor Count: 1
 |- [+] /Game/UILevelTest/??.??:PersistentLevel.LandscapeStreamingProxy_D7T4VF4LBP34PHV9XOEVM5TIG_1_0_7_0
 |   |-         Package: /Game/__ExternalActors__/UILevelTest/??/0/ZN/2IKLTFHV4VQUF5A9CJ7R2L
 |   |-     Editor Only: 0
 |   |-   Instance Guid: 988456E1464ED6902163CB8467235B9D
 |   |- [+] Container:
 |   |   |-        ID: 00000000000000000000000000000000
 |   |   |- Transform: 0.000000,0.000000,0.000000|0.000000,0.000000,-0.000000|1.000000,1.000000,1.000000
[+] Content of Cell ??_MainGrid_-4_-2_0_0 (9I7WA6K0XQE9NPN1DUZLAEWL1)
 |- Actor Count: 1
 |- [+] /Game/UILevelTest/??.??:PersistentLevel.LandscapeStreamingProxy_D7T4VF4LBP34PHV9XOEVM5TIG_1_0_2_0
 |   |-         Package: /Game/__ExternalActors__/UILevelTest/??/2/K0/9MG36LZDC4UXP5LBMID09B
 |   |-     Editor Only: 0
 |   |-   Instance Guid: 83CD9E0B4741741D139767A8EC49B809
 |   |- [+] Container:
 |   |   |-        ID: 00000000000000000000000000000000
 |   |   |- Transform: 0.000000,0.000000,0.000000|0.000000,0.000000,-0.000000|1.000000,1.000000,1.000000
[+] Content of Cell ??_MainGrid_-1_3_0_0 (9JKRENB71TZA3G1JEBJX5UWLI)
 |- Actor Count: 1
 |- [+] /Game/UILevelTest/??.??:PersistentLevel.LandscapeStreamingProxy_D7T4VF4LBP34PHV9XOEVM5TIG_1_3_7_0
 |   |-         Package: /Game/__ExternalActors__/UILevelTest/??/8/CH/C4TZWV9QBBOMI0CGYOWW9X
 |   |-     Editor Only: 0
 |   |-   Instance Guid: A6E4B2F64282645AA7756082104E8B9D
 |   |- [+] Container:
 |   |   |-        ID: 00000000000000000000000000000000
 |   |   |- Transform: 0.000000,0.000000,0.000000|0.000000,0.000000,-0.000000|1.000000,1.000000,1.000000
[+] Content of Cell ??_MainGrid_-1_0_0_0 (A30DEBRUOUGWKZHW8INTV39PV)
 |- Actor Count: 1
 |- [+] /Game/UILevelTest/??.??:PersistentLevel.LandscapeStreamingProxy_D7T4VF4LBP34PHV9XOEVM5TIG_1_3_4_0
 |   |-         Package: /Game/__ExternalActors__/UILevelTest/??/E/BG/4MDPHU25TOBZ6C9UA8K62J
 |   |-     Editor Only: 0
 |   |-   Instance Guid: 9CBBDFD8486812AAE8770CB093DB7460
 |   |- [+] Container:
 |   |   |-        ID: 00000000000000000000000000000000
 |   |   |- Transform: 0.000000,0.000000,0.000000|0.000000,0.000000,-0.000000|1.000000,1.000000,1.000000
[+] Content of Cell ??_MainGrid_1_0_0_0 (BC0MEYLFHEQLGNDM4GFMBZSLQ)
 |- Actor Count: 1
 |- [+] /Game/UILevelTest/??.??:PersistentLevel.LandscapeStreamingProxy_D7T4VF4LBP34PHV9XOEVM5TIG_1_5_4_0
 |   |-         Package: /Game/__ExternalActors__/UILevelTest/??/0/ZQ/PPQ41DN09I4FH40RCEZKE2
 |   |-     Editor Only: 0
 |   |-   Instance Guid: AE565297405B1809622B45ADC2750875
 |   |- [+] Container:
 |   |   |-        ID: 00000000000000000000000000000000
 |   |   |- Transform: 0.000000,0.000000,0.000000|0.000000,0.000000,-0.000000|1.000000,1.000000,1.000000
[+] Content of Cell ??_MainGrid_-3_0_0_0 (BICUYJOXVVH091QCQMH14BG93)
 |- Actor Count: 1
 |- [+] /Game/UILevelTest/??.??:PersistentLevel.LandscapeStreamingProxy_D7T4VF4LBP34PHV9XOEVM5TIG_1_1_4_0
 |   |-         Package: /Game/__ExternalActors__/UILevelTest/??/A/50/C0I321TNO5WA8UDYNGOVKZ
 |   |-     Editor Only: 0
 |   |-   Instance Guid: 1132963840A0BF90C8F6FB9C03D28EDC
 |   |- [+] Container:
 |   |   |-        ID: 00000000000000000000000000000000
 |   |   |- Transform: 0.000000,0.000000,0.000000|0.000000,0.000000,-0.000000|1.000000,1.000000,1.000000
[+] Content of Cell ??_MainGrid_2_1_0_0 (BOI35BFFUX89TY23TUSRHNZ79)
 |- Actor Count: 1
 |- [+] /Game/UILevelTest/??.??:PersistentLevel.LandscapeStreamingProxy_D7T4VF4LBP34PHV9XOEVM5TIG_1_6_5_0
 |   |-         Package: /Game/__ExternalActors__/UILevelTest/??/0/08/SKGQ5UQ73ROZKDRSUTLSQT
 |   |-     Editor Only: 0
 |   |-   Instance Guid: 7E8DF15942F955BCCAB7DB92DF810682
 |   |- [+] Container:
 |   |   |-        ID: 00000000000000000000000000000000
 |   |   |- Transform: 0.000000,0.000000,0.000000|0.000000,0.000000,-0.000000|1.000000,1.000000,1.000000
[+] Content of Cell ??_MainGrid_-2_3_0_0 (BU7ZF5W58P8YK8GU8H38D5W9K)
 |- Actor Count: 1
 |- [+] /Game/UILevelTest/??.??:PersistentLevel.LandscapeStreamingProxy_D7T4VF4LBP34PHV9XOEVM5TIG_1_2_7_0
 |   |-         Package: /Game/__ExternalActors__/UILevelTest/??/0/9K/PY4HIHQCWYDUWB0ICYR2XN
 |   |-     Editor Only: 0
 |   |-   Instance Guid: 565205A14B72B1C79932C09B8AA708FB
 |   |- [+] Container:
 |   |   |-        ID: 00000000000000000000000000000000
 |   |   |- Transform: 0.000000,0.000000,0.000000|0.000000,0.000000,-0.000000|1.000000,1.000000,1.000000
[+] Content of Cell ??_MainGrid_-4_-3_0_0 (BWIWHACNQ1AM921Y01XH2JHCD)
 |- Actor Count: 2
 |- [+] /Game/UILevelTest/??.??:PersistentLevel.LandscapeStreamingProxy_D7T4VF4LBP34PHV9XOEVM5TIG_1_0_1_0
 |   |-         Package: /Game/__ExternalActors__/UILevelTest/??/6/20/04Q1BB7CIWI9W83ZXPH3GR
 |   |-     Editor Only: 0
 |   |-   Instance Guid: 59C0CF754809E4A615B6B893483C5902
 |   |- [+] Container:
 |   |   |-        ID: 00000000000000000000000000000000
 |   |   |- Transform: 0.000000,0.000000,0.000000|0.000000,0.000000,-0.000000|1.000000,1.000000,1.000000
 |- [+] /Game/UILevelTest/??.??:PersistentLevel.StaticMeshActor_UAID_00D8614F2BD34A8E02_1488408471
 |   |-         Package: /Game/__ExternalActors__/UILevelTest/??/D/JC/5134US9X4LJBTW0MNUHMJK
 |   |-     Editor Only: 0
 |   |-   Instance Guid: 694BAFC142AC7322A0E74693B4FFEA10
 |   |- [+] Container:
 |   |   |-        ID: 00000000000000000000000000000000
 |   |   |- Transform: 0.000000,0.000000,0.000000|0.000000,0.000000,-0.000000|1.000000,1.000000,1.000000
[+] Content of Cell ??_MainGrid_-4_-1_0_0 (C7RPYV6GCKWZ1K7F1YMRGGSTU)
 |- Actor Count: 1
 |- [+] /Game/UILevelTest/??.??:PersistentLevel.LandscapeStreamingProxy_D7T4VF4LBP34PHV9XOEVM5TIG_1_0_3_0
 |   |-         Package: /Game/__ExternalActors__/UILevelTest/??/6/07/LRH19ILTBQQX8LUL9S2SCQ
 |   |-     Editor Only: 0
 |   |-   Instance Guid: 2ECDB0F14C38AB1F3D274DAFA9305640
 |   |- [+] Container:
 |   |   |-        ID: 00000000000000000000000000000000
 |   |   |- Transform: 0.000000,0.000000,0.000000|0.000000,0.000000,-0.000000|1.000000,1.000000,1.000000
[+] Content of Cell ??_MainGrid_0_2_0_0 (C94MTMEB88WKWKZXJY6NNHP63)
 |- Actor Count: 1
 |- [+] /Game/UILevelTest/??.??:PersistentLevel.LandscapeStreamingProxy_D7T4VF4LBP34PHV9XOEVM5TIG_1_4_6_0
 |   |-         Package: /Game/__ExternalActors__/UILevelTest/??/6/VY/7QIXH60FRM1OM56KWTNDAY
 |   |-     Editor Only: 0
 |   |-   Instance Guid: C5BE7A844D821610BF68FA846185D941
 |   |- [+] Container:
 |   |   |-        ID: 00000000000000000000000000000000
 |   |   |- Transform: 0.000000,0.000000,0.000000|0.000000,0.000000,-0.000000|1.000000,1.000000,1.000000
[+] Content of Cell ??_MainGrid_0_3_0_0 (CJEPYNFEWZDA2QARD51YWSNQN)
 |- Actor Count: 1
 |- [+] /Game/UILevelTest/??.??:PersistentLevel.LandscapeStreamingProxy_D7T4VF4LBP34PHV9XOEVM5TIG_1_4_7_0
 |   |-         Package: /Game/__ExternalActors__/UILevelTest/??/2/3G/U63EHPRRWMPKH1L4RS8AI7
 |   |-     Editor Only: 0
 |   |-   Instance Guid: 0DDC8FEF4BE2623E6DE4258EC6ECD3DC
 |   |- [+] Container:
 |   |   |-        ID: 00000000000000000000000000000000
 |   |   |- Transform: 0.000000,0.000000,0.000000|0.000000,0.000000,-0.000000|1.000000,1.000000,1.000000
[+] Content of Cell ??_MainGrid_1_3_0_0 (D5FM19J16FWZL4YLEX4NOQVCV)
 |- Actor Count: 1
 |- [+] /Game/UILevelTest/??.??:PersistentLevel.LandscapeStreamingProxy_D7T4VF4LBP34PHV9XOEVM5TIG_1_5_7_0
 |   |-         Package: /Game/__ExternalActors__/UILevelTest/??/A/0P/G25ITHNZ27MRHC1RM9EBN7
 |   |-     Editor Only: 0
 |   |-   Instance Guid: 8E5BA17B4086F5FC0291D1A92F7F73F4
 |   |- [+] Container:
 |   |   |-        ID: 00000000000000000000000000000000
 |   |   |- Transform: 0.000000,0.000000,0.000000|0.000000,0.000000,-0.000000|1.000000,1.000000,1.000000
[+] Content of Cell ??_MainGrid_-3_2_0_0 (DY3UM0HOHTYO3ZUVLSMXSAXRN)
 |- Actor Count: 1
 |- [+] /Game/UILevelTest/??.??:PersistentLevel.LandscapeStreamingProxy_D7T4VF4LBP34PHV9XOEVM5TIG_1_1_6_0
 |   |-         Package: /Game/__ExternalActors__/UILevelTest/??/5/FR/TXLE6PY8QVALKS3HQOWVOV
 |   |-     Editor Only: 0
 |   |-   Instance Guid: 2347681E4EBE5CEECBE9DBBC1DBA11C1
 |   |- [+] Container:
 |   |   |-        ID: 00000000000000000000000000000000
 |   |   |- Transform: 0.000000,0.000000,0.000000|0.000000,0.000000,-0.000000|1.000000,1.000000,1.000000
[+] Content of Cell ??_MainGrid_-1_1_0_0 (ECRJ9SMES7R0TTRXR84IM41C3)
 |- Actor Count: 1
 |- [+] /Game/UILevelTest/??.??:PersistentLevel.LandscapeStreamingProxy_D7T4VF4LBP34PHV9XOEVM5TIG_1_3_5_0
 |   |-         Package: /Game/__ExternalActors__/UILevelTest/??/9/2E/Q5FI1F23PFLHPOZ8QUKLNY
 |   |-     Editor Only: 0
 |   |-   Instance Guid: 9AA48BD04CB873661E75B0973B2BF04A
 |   |- [+] Container:
 |   |   |-        ID: 00000000000000000000000000000000
 |   |   |- Transform: 0.000000,0.000000,0.000000|0.000000,0.000000,-0.000000|1.000000,1.000000,1.000000
[+] Content of Cell ??_MainGrid_-4_2_0_0 (EEC0G75P1ULTLQVEVJ8SIW0WV)
 |- Actor Count: 1
 |- [+] /Game/UILevelTest/??.??:PersistentLevel.LandscapeStreamingProxy_D7T4VF4LBP34PHV9XOEVM5TIG_1_0_6_0
 |   |-         Package: /Game/__ExternalActors__/UILevelTest/??/6/DS/ZHQFHHFRAP4IZNHS1QWLHH
 |   |-     Editor Only: 0
 |   |-   Instance Guid: 2D25D44D481345FBF8570EB1B7BD1A3E
 |   |- [+] Container:
 |   |   |-        ID: 00000000000000000000000000000000
 |   |   |- Transform: 0.000000,0.000000,0.000000|0.000000,0.000000,-0.000000|1.000000,1.000000,1.000000

